{"meta": {"format": 3, "version": "7.9.2", "timestamp": "2025-08-10T20:51:26.667538", "branch_coverage": false, "show_contexts": false}, "files": {"src\\__init__.py": {"executed_lines": [1, 4, 5, 6, 7], "summary": {"covered_lines": 4, "num_statements": 4, "percent_covered": 100.0, "percent_covered_display": "100", "missing_lines": 0, "excluded_lines": 0}, "missing_lines": [], "excluded_lines": [], "functions": {"": {"executed_lines": [1, 4, 5, 6, 7], "summary": {"covered_lines": 4, "num_statements": 4, "percent_covered": 100.0, "percent_covered_display": "100", "missing_lines": 0, "excluded_lines": 0}, "missing_lines": [], "excluded_lines": []}}, "classes": {"": {"executed_lines": [1, 4, 5, 6, 7], "summary": {"covered_lines": 4, "num_statements": 4, "percent_covered": 100.0, "percent_covered_display": "100", "missing_lines": 0, "excluded_lines": 0}, "missing_lines": [], "excluded_lines": []}}}, "src\\agedys\\__init__.py": {"executed_lines": [1], "summary": {"covered_lines": 0, "num_statements": 0, "percent_covered": 100.0, "percent_covered_display": "100", "missing_lines": 0, "excluded_lines": 0}, "missing_lines": [], "excluded_lines": [], "functions": {"": {"executed_lines": [1], "summary": {"covered_lines": 0, "num_statements": 0, "percent_covered": 100.0, "percent_covered_display": "100", "missing_lines": 0, "excluded_lines": 0}, "missing_lines": [], "excluded_lines": []}}, "classes": {"": {"executed_lines": [1], "summary": {"covered_lines": 0, "num_statements": 0, "percent_covered": 100.0, "percent_covered_display": "100", "missing_lines": 0, "excluded_lines": 0}, "missing_lines": [], "excluded_lines": []}}}, "src\\agedys\\agedys_manager.py": {"executed_lines": [1, 23, 25, 26, 28, 29, 32, 33, 34, 35, 36, 41, 42, 100, 101, 102, 103, 104, 105, 106, 107, 108, 109, 110, 111, 112, 113, 114, 118, 119, 123, 127, 129, 193, 194, 195, 196, 197, 198, 199, 200, 201, 202, 203, 204, 208, 209, 213, 215, 221, 229, 231, 236, 244, 246, 251, 264, 266, 268, 275, 280, 281, 294, 297, 298, 305, 307, 308, 313, 315, 316, 325, 328, 329, 338, 341, 344, 350, 358, 370, 371, 372, 373, 374, 375, 376, 377, 378, 379, 380, 381, 383, 384, 385, 386, 395, 396, 397, 398, 402, 403, 404, 405, 407, 433, 442, 449, 450, 451, 455, 456, 457, 458, 459, 461, 462, 466, 467, 471, 473, 475, 476, 477, 481, 482, 485, 488, 489, 499, 501, 503, 509, 510, 511, 512, 513, 514, 515, 516, 517, 518, 522, 523, 527], "summary": {"covered_lines": 129, "num_statements": 142, "percent_covered": 90.84507042253522, "percent_covered_display": "91", "missing_lines": 13, "excluded_lines": 22}, "missing_lines": [382, 408, 409, 410, 411, 415, 416, 417, 418, 419, 423, 424, 428], "excluded_lines": [105, 106, 107, 197, 198, 199, 341, 342, 344, 345, 374, 375, 376, 387, 388, 389, 403, 404, 405, 412, 413, 414], "functions": {"AgedysManager.__init__": {"executed_lines": [34, 35, 36], "summary": {"covered_lines": 3, "num_statements": 3, "percent_covered": 100.0, "percent_covered_display": "100", "missing_lines": 0, "excluded_lines": 0}, "missing_lines": [], "excluded_lines": []}, "AgedysManager.get_usuarios_facturas_pendientes_visado_tecnico": {"executed_lines": [42, 100, 101, 102, 103, 104, 105, 106, 107, 108, 109, 110, 111, 112, 113, 114, 118, 119, 123], "summary": {"covered_lines": 16, "num_statements": 16, "percent_covered": 100.0, "percent_covered_display": "100", "missing_lines": 0, "excluded_lines": 3}, "missing_lines": [], "excluded_lines": [105, 106, 107]}, "AgedysManager.get_facturas_pendientes_por_tecnico": {"executed_lines": [129, 193, 194, 195, 196, 197, 198, 199, 200, 201, 202, 203, 204, 208, 209, 213], "summary": {"covered_lines": 13, "num_statements": 13, "percent_covered": 100.0, "percent_covered_display": "100", "missing_lines": 0, "excluded_lines": 3}, "missing_lines": [], "excluded_lines": [197, 198, 199]}, "AgedysManager.get_dpds_sin_so_por_tecnico": {"executed_lines": [221, 229], "summary": {"covered_lines": 2, "num_statements": 2, "percent_covered": 100.0, "percent_covered_display": "100", "missing_lines": 0, "excluded_lines": 0}, "missing_lines": [], "excluded_lines": []}, "AgedysManager.get_dpds_con_so_sin_ro_por_tecnico": {"executed_lines": [236, 244], "summary": {"covered_lines": 2, "num_statements": 2, "percent_covered": 100.0, "percent_covered_display": "100", "missing_lines": 0, "excluded_lines": 0}, "missing_lines": [], "excluded_lines": []}, "AgedysManager.get_dpds_sin_visado_calidad_por_tecnico": {"executed_lines": [251, 264], "summary": {"covered_lines": 2, "num_statements": 2, "percent_covered": 100.0, "percent_covered_display": "100", "missing_lines": 0, "excluded_lines": 0}, "missing_lines": [], "excluded_lines": []}, "AgedysManager.get_dpds_rechazados_calidad_por_tecnico": {"executed_lines": [268, 275], "summary": {"covered_lines": 2, "num_statements": 2, "percent_covered": 100.0, "percent_covered_display": "100", "missing_lines": 0, "excluded_lines": 0}, "missing_lines": [], "excluded_lines": []}, "AgedysManager.get_dpds_sin_visado_calidad_agrupado": {"executed_lines": [281, 294], "summary": {"covered_lines": 2, "num_statements": 2, "percent_covered": 100.0, "percent_covered_display": "100", "missing_lines": 0, "excluded_lines": 0}, "missing_lines": [], "excluded_lines": []}, "AgedysManager.get_dpds_con_fin_agenda_tecnica_agrupado": {"executed_lines": [298, 305], "summary": {"covered_lines": 2, "num_statements": 2, "percent_covered": 100.0, "percent_covered_display": "100", "missing_lines": 0, "excluded_lines": 0}, "missing_lines": [], "excluded_lines": []}, "AgedysManager.get_dpds_sin_pedido_agrupado": {"executed_lines": [308, 313], "summary": {"covered_lines": 2, "num_statements": 2, "percent_covered": 100.0, "percent_covered_display": "100", "missing_lines": 0, "excluded_lines": 0}, "missing_lines": [], "excluded_lines": []}, "AgedysManager.get_facturas_rechazadas_agrupado": {"executed_lines": [316, 325], "summary": {"covered_lines": 2, "num_statements": 2, "percent_covered": 100.0, "percent_covered_display": "100", "missing_lines": 0, "excluded_lines": 0}, "missing_lines": [], "excluded_lines": []}, "AgedysManager.get_facturas_visadas_pendientes_op_agrupado": {"executed_lines": [329, 338], "summary": {"covered_lines": 2, "num_statements": 2, "percent_covered": 100.0, "percent_covered_display": "100", "missing_lines": 0, "excluded_lines": 0}, "missing_lines": [], "excluded_lines": []}, "AgedysManager.get_dpds_con_fin_agenda_tecnica_pendientes_recepcion_economia": {"executed_lines": [], "summary": {"covered_lines": 0, "num_statements": 0, "percent_covered": 100.0, "percent_covered_display": "100", "missing_lines": 0, "excluded_lines": 1}, "missing_lines": [], "excluded_lines": [342]}, "AgedysManager.get_facturas_visadas_pendientes_orden_pago_agrupado": {"executed_lines": [], "summary": {"covered_lines": 0, "num_statements": 0, "percent_covered": 100.0, "percent_covered_display": "100", "missing_lines": 0, "excluded_lines": 1}, "missing_lines": [], "excluded_lines": [345]}, "AgedysManager.get_usuarios_con_tareas_pendientes": {"executed_lines": [358, 370, 371, 372, 373, 374, 375, 376, 377, 378, 379, 380, 381, 383, 384, 385, 386], "summary": {"covered_lines": 14, "num_statements": 15, "percent_covered": 93.33333333333333, "percent_covered_display": "93", "missing_lines": 1, "excluded_lines": 6}, "missing_lines": [382], "excluded_lines": [374, 375, 376, 387, 388, 389]}, "AgedysManager._execute_section": {"executed_lines": [396, 397, 398, 402, 403, 404, 405], "summary": {"covered_lines": 4, "num_statements": 4, "percent_covered": 100.0, "percent_covered_display": "100", "missing_lines": 0, "excluded_lines": 3}, "missing_lines": [], "excluded_lines": [403, 404, 405]}, "AgedysManager._run_merge_queries": {"executed_lines": [], "summary": {"covered_lines": 0, "num_statements": 12, "percent_covered": 0.0, "percent_covered_display": "0", "missing_lines": 12, "excluded_lines": 3}, "missing_lines": [408, 409, 410, 411, 415, 416, 417, 418, 419, 423, 424, 428], "excluded_lines": [412, 413, 414]}, "AgedysManager.generate_technical_user_report_html": {"executed_lines": [442, 449, 450, 451, 455, 456, 457, 458, 459, 461, 462, 466, 467, 471], "summary": {"covered_lines": 14, "num_statements": 14, "percent_covered": 100.0, "percent_covered_display": "100", "missing_lines": 0, "excluded_lines": 0}, "missing_lines": [], "excluded_lines": []}, "AgedysManager.generate_quality_report_html": {"executed_lines": [475, 476, 477, 481, 482, 485, 488, 489, 499], "summary": {"covered_lines": 9, "num_statements": 9, "percent_covered": 100.0, "percent_covered_display": "100", "missing_lines": 0, "excluded_lines": 0}, "missing_lines": [], "excluded_lines": []}, "AgedysManager.generate_economy_report_html": {"executed_lines": [503, 509, 510, 511, 512, 513, 514, 515, 516, 517, 518, 522, 523, 527], "summary": {"covered_lines": 14, "num_statements": 14, "percent_covered": 100.0, "percent_covered_display": "100", "missing_lines": 0, "excluded_lines": 0}, "missing_lines": [], "excluded_lines": []}, "": {"executed_lines": [1, 23, 25, 26, 28, 29, 32, 33, 41, 127, 215, 231, 246, 266, 280, 297, 307, 315, 328, 341, 344, 350, 395, 407, 433, 473, 501], "summary": {"covered_lines": 24, "num_statements": 24, "percent_covered": 100.0, "percent_covered_display": "100", "missing_lines": 0, "excluded_lines": 2}, "missing_lines": [], "excluded_lines": [341, 344]}}, "classes": {"AgedysManager": {"executed_lines": [34, 35, 36, 42, 100, 101, 102, 103, 104, 105, 106, 107, 108, 109, 110, 111, 112, 113, 114, 118, 119, 123, 129, 193, 194, 195, 196, 197, 198, 199, 200, 201, 202, 203, 204, 208, 209, 213, 221, 229, 236, 244, 251, 264, 268, 275, 281, 294, 298, 305, 308, 313, 316, 325, 329, 338, 358, 370, 371, 372, 373, 374, 375, 376, 377, 378, 379, 380, 381, 383, 384, 385, 386, 396, 397, 398, 402, 403, 404, 405, 442, 449, 450, 451, 455, 456, 457, 458, 459, 461, 462, 466, 467, 471, 475, 476, 477, 481, 482, 485, 488, 489, 499, 503, 509, 510, 511, 512, 513, 514, 515, 516, 517, 518, 522, 523, 527], "summary": {"covered_lines": 105, "num_statements": 118, "percent_covered": 88.98305084745763, "percent_covered_display": "89", "missing_lines": 13, "excluded_lines": 20}, "missing_lines": [382, 408, 409, 410, 411, 415, 416, 417, 418, 419, 423, 424, 428], "excluded_lines": [105, 106, 107, 197, 198, 199, 342, 345, 374, 375, 376, 387, 388, 389, 403, 404, 405, 412, 413, 414]}, "": {"executed_lines": [1, 23, 25, 26, 28, 29, 32, 33, 41, 127, 215, 231, 246, 266, 280, 297, 307, 315, 328, 341, 344, 350, 395, 407, 433, 473, 501], "summary": {"covered_lines": 24, "num_statements": 24, "percent_covered": 100.0, "percent_covered_display": "100", "missing_lines": 0, "excluded_lines": 2}, "missing_lines": [], "excluded_lines": [341, 344]}}}, "src\\agedys\\agedys_pure_manager.py": {"executed_lines": [], "summary": {"covered_lines": 0, "num_statements": 58, "percent_covered": 0.0, "percent_covered_display": "0", "missing_lines": 58, "excluded_lines": 6}, "missing_lines": [13, 15, 16, 18, 19, 22, 23, 24, 25, 26, 29, 34, 92, 93, 94, 95, 96, 100, 101, 102, 103, 104, 105, 106, 110, 111, 115, 117, 118, 125, 127, 128, 134, 136, 137, 143, 145, 146, 147, 148, 152, 158, 159, 165, 166, 167, 168, 169, 170, 171, 172, 173, 174, 175, 179, 180, 184, 188], "excluded_lines": [97, 98, 99, 153, 154, 155], "functions": {"AgedysPureManager.__init__": {"executed_lines": [], "summary": {"covered_lines": 0, "num_statements": 3, "percent_covered": 0.0, "percent_covered_display": "0", "missing_lines": 3, "excluded_lines": 0}, "missing_lines": [24, 25, 26], "excluded_lines": []}, "AgedysPureManager.get_usuarios_facturas_pendientes_visado_tecnico": {"executed_lines": [], "summary": {"covered_lines": 0, "num_statements": 16, "percent_covered": 0.0, "percent_covered_display": "0", "missing_lines": 16, "excluded_lines": 3}, "missing_lines": [34, 92, 93, 94, 95, 96, 100, 101, 102, 103, 104, 105, 106, 110, 111, 115], "excluded_lines": [97, 98, 99]}, "AgedysPureManager.get_dpds_sin_visado_calidad": {"executed_lines": [], "summary": {"covered_lines": 0, "num_statements": 2, "percent_covered": 0.0, "percent_covered_display": "0", "missing_lines": 2, "excluded_lines": 0}, "missing_lines": [118, 125], "excluded_lines": []}, "AgedysPureManager.get_dpds_rechazados_calidad": {"executed_lines": [], "summary": {"covered_lines": 0, "num_statements": 2, "percent_covered": 0.0, "percent_covered_display": "0", "missing_lines": 2, "excluded_lines": 0}, "missing_lines": [128, 134], "excluded_lines": []}, "AgedysPureManager.get_dpds_sin_pedido": {"executed_lines": [], "summary": {"covered_lines": 0, "num_statements": 2, "percent_covered": 0.0, "percent_covered_display": "0", "missing_lines": 2, "excluded_lines": 0}, "missing_lines": [137, 143], "excluded_lines": []}, "AgedysPureManager._execute_section": {"executed_lines": [], "summary": {"covered_lines": 0, "num_statements": 4, "percent_covered": 0.0, "percent_covered_display": "0", "missing_lines": 4, "excluded_lines": 3}, "missing_lines": [146, 147, 148, 152], "excluded_lines": [153, 154, 155]}, "AgedysPureManager.generate_agedys_report_html": {"executed_lines": [], "summary": {"covered_lines": 0, "num_statements": 16, "percent_covered": 0.0, "percent_covered_display": "0", "missing_lines": 16, "excluded_lines": 0}, "missing_lines": [159, 165, 166, 167, 168, 169, 170, 171, 172, 173, 174, 175, 179, 180, 184, 188], "excluded_lines": []}, "": {"executed_lines": [], "summary": {"covered_lines": 0, "num_statements": 13, "percent_covered": 0.0, "percent_covered_display": "0", "missing_lines": 13, "excluded_lines": 0}, "missing_lines": [13, 15, 16, 18, 19, 22, 23, 29, 117, 127, 136, 145, 158], "excluded_lines": []}}, "classes": {"AgedysPureManager": {"executed_lines": [], "summary": {"covered_lines": 0, "num_statements": 45, "percent_covered": 0.0, "percent_covered_display": "0", "missing_lines": 45, "excluded_lines": 6}, "missing_lines": [24, 25, 26, 34, 92, 93, 94, 95, 96, 100, 101, 102, 103, 104, 105, 106, 110, 111, 115, 118, 125, 128, 134, 137, 143, 146, 147, 148, 152, 159, 165, 166, 167, 168, 169, 170, 171, 172, 173, 174, 175, 179, 180, 184, 188], "excluded_lines": [97, 98, 99, 153, 154, 155]}, "": {"executed_lines": [], "summary": {"covered_lines": 0, "num_statements": 13, "percent_covered": 0.0, "percent_covered_display": "0", "missing_lines": 13, "excluded_lines": 0}, "missing_lines": [13, 15, 16, 18, 19, 22, 23, 29, 117, 127, 136, 145, 158], "excluded_lines": []}}}, "src\\agedys\\agedys_task.py": {"executed_lines": [1, 5, 6, 7, 8, 9, 10, 11, 14, 15, 16, 22, 23, 24, 25, 26, 31, 40, 44, 45, 46, 47, 48, 49, 51, 54, 55, 56, 57, 61, 62, 63, 64, 65, 71, 72, 79, 85, 86, 87, 96, 102, 106, 108, 109, 110, 111, 112, 115, 116, 120, 121, 123, 131, 132, 133, 134, 135, 144, 147, 148, 149, 150, 151, 152, 153, 155, 156, 157, 158, 159, 160, 161, 170, 174, 175, 176, 178, 182, 183, 184, 185, 187], "summary": {"covered_lines": 79, "num_statements": 91, "percent_covered": 86.81318681318682, "percent_covered_display": "87", "missing_lines": 12, "excluded_lines": 13}, "missing_lines": [66, 70, 80, 84, 145, 171, 188, 189, 190, 191, 195, 197], "excluded_lines": [27, 28, 29, 73, 74, 78, 97, 98, 183, 184, 185, 192, 193], "functions": {"AgedysTask.__init__": {"executed_lines": [16, 22, 23, 24, 25, 26], "summary": {"covered_lines": 6, "num_statements": 6, "percent_covered": 100.0, "percent_covered_display": "100", "missing_lines": 0, "excluded_lines": 3}, "missing_lines": [], "excluded_lines": [27, 28, 29]}, "AgedysTask.execute_specific_logic": {"executed_lines": [40, 44, 45, 46, 47, 48, 49, 51, 54, 108, 147, 174, 175, 176, 178, 182, 183, 184, 185], "summary": {"covered_lines": 16, "num_statements": 16, "percent_covered": 100.0, "percent_covered_display": "100", "missing_lines": 0, "excluded_lines": 3}, "missing_lines": [], "excluded_lines": [183, 184, 185]}, "AgedysTask.execute_specific_logic._handle_technical_reports": {"executed_lines": [55, 56, 57, 61, 62, 63, 64, 65, 71, 72, 79, 85, 86, 87, 96, 102, 106], "summary": {"covered_lines": 17, "num_statements": 21, "percent_covered": 80.95238095238095, "percent_covered_display": "81", "missing_lines": 4, "excluded_lines": 5}, "missing_lines": [66, 70, 80, 84], "excluded_lines": [73, 74, 78, 97, 98]}, "AgedysTask.execute_specific_logic._handle_quality_report": {"executed_lines": [109, 110, 111, 112, 115, 116, 120, 121, 123, 131, 132, 133, 134, 135, 144], "summary": {"covered_lines": 15, "num_statements": 16, "percent_covered": 93.75, "percent_covered_display": "94", "missing_lines": 1, "excluded_lines": 0}, "missing_lines": [145], "excluded_lines": []}, "AgedysTask.execute_specific_logic._handle_economy_report": {"executed_lines": [148, 149, 150, 151, 152, 153, 155, 156, 157, 158, 159, 160, 161, 170], "summary": {"covered_lines": 14, "num_statements": 15, "percent_covered": 93.33333333333333, "percent_covered_display": "93", "missing_lines": 1, "excluded_lines": 0}, "missing_lines": [171], "excluded_lines": []}, "AgedysTask.close_connections": {"executed_lines": [], "summary": {"covered_lines": 0, "num_statements": 6, "percent_covered": 0.0, "percent_covered_display": "0", "missing_lines": 6, "excluded_lines": 2}, "missing_lines": [188, 189, 190, 191, 195, 197], "excluded_lines": [192, 193]}, "": {"executed_lines": [1, 5, 6, 7, 8, 9, 10, 11, 14, 15, 31, 187], "summary": {"covered_lines": 11, "num_statements": 11, "percent_covered": 100.0, "percent_covered_display": "100", "missing_lines": 0, "excluded_lines": 0}, "missing_lines": [], "excluded_lines": []}}, "classes": {"AgedysTask": {"executed_lines": [16, 22, 23, 24, 25, 26, 40, 44, 45, 46, 47, 48, 49, 51, 54, 55, 56, 57, 61, 62, 63, 64, 65, 71, 72, 79, 85, 86, 87, 96, 102, 106, 108, 109, 110, 111, 112, 115, 116, 120, 121, 123, 131, 132, 133, 134, 135, 144, 147, 148, 149, 150, 151, 152, 153, 155, 156, 157, 158, 159, 160, 161, 170, 174, 175, 176, 178, 182, 183, 184, 185], "summary": {"covered_lines": 68, "num_statements": 80, "percent_covered": 85.0, "percent_covered_display": "85", "missing_lines": 12, "excluded_lines": 13}, "missing_lines": [66, 70, 80, 84, 145, 171, 188, 189, 190, 191, 195, 197], "excluded_lines": [27, 28, 29, 73, 74, 78, 97, 98, 183, 184, 185, 192, 193]}, "": {"executed_lines": [1, 5, 6, 7, 8, 9, 10, 11, 14, 15, 31, 187], "summary": {"covered_lines": 11, "num_statements": 11, "percent_covered": 100.0, "percent_covered_display": "100", "missing_lines": 0, "excluded_lines": 0}, "missing_lines": [], "excluded_lines": []}}}, "src\\agedys\\report_registrar.py": {"executed_lines": [], "summary": {"covered_lines": 0, "num_statements": 9, "percent_covered": 0.0, "percent_covered_display": "0", "missing_lines": 9, "excluded_lines": 15}, "missing_lines": [5, 7, 8, 9, 11, 12, 14, 15, 18], "excluded_lines": [29, 30, 31, 32, 33, 34, 35, 36, 40, 50, 51, 60, 61, 62, 63], "functions": {"register_agedys_report": {"executed_lines": [], "summary": {"covered_lines": 0, "num_statements": 0, "percent_covered": 100.0, "percent_covered_display": "100", "missing_lines": 0, "excluded_lines": 15}, "missing_lines": [], "excluded_lines": [29, 30, 31, 32, 33, 34, 35, 36, 40, 50, 51, 60, 61, 62, 63]}, "": {"executed_lines": [], "summary": {"covered_lines": 0, "num_statements": 9, "percent_covered": 0.0, "percent_covered_display": "0", "missing_lines": 9, "excluded_lines": 0}, "missing_lines": [5, 7, 8, 9, 11, 12, 14, 15, 18], "excluded_lines": []}}, "classes": {"": {"executed_lines": [], "summary": {"covered_lines": 0, "num_statements": 9, "percent_covered": 0.0, "percent_covered_display": "0", "missing_lines": 9, "excluded_lines": 15}, "missing_lines": [5, 7, 8, 9, 11, 12, 14, 15, 18], "excluded_lines": [29, 30, 31, 32, 33, 34, 35, 36, 40, 50, 51, 60, 61, 62, 63]}}}, "src\\agedys\\run_agedys.py": {"executed_lines": [], "summary": {"covered_lines": 0, "num_statements": 16, "percent_covered": 0.0, "percent_covered_display": "0", "missing_lines": 16, "excluded_lines": 2}, "missing_lines": [4, 5, 6, 7, 8, 9, 12, 13, 14, 15, 17, 18, 20, 21, 23, 24], "excluded_lines": [26, 27], "functions": {"main": {"executed_lines": [], "summary": {"covered_lines": 0, "num_statements": 9, "percent_covered": 0.0, "percent_covered_display": "0", "missing_lines": 9, "excluded_lines": 0}, "missing_lines": [13, 14, 15, 17, 18, 20, 21, 23, 24], "excluded_lines": []}, "": {"executed_lines": [], "summary": {"covered_lines": 0, "num_statements": 7, "percent_covered": 0.0, "percent_covered_display": "0", "missing_lines": 7, "excluded_lines": 2}, "missing_lines": [4, 5, 6, 7, 8, 9, 12], "excluded_lines": [26, 27]}}, "classes": {"": {"executed_lines": [], "summary": {"covered_lines": 0, "num_statements": 16, "percent_covered": 0.0, "percent_covered_display": "0", "missing_lines": 16, "excluded_lines": 2}, "missing_lines": [4, 5, 6, 7, 8, 9, 12, 13, 14, 15, 17, 18, 20, 21, 23, 24], "excluded_lines": [26, 27]}}}, "src\\brass\\__init__.py": {"executed_lines": [1, 4, 5, 8, 9, 10, 13, 15], "summary": {"covered_lines": 7, "num_statements": 8, "percent_covered": 87.5, "percent_covered_display": "88", "missing_lines": 1, "excluded_lines": 0}, "missing_lines": [11], "excluded_lines": [], "functions": {"": {"executed_lines": [1, 4, 5, 8, 9, 10, 13, 15], "summary": {"covered_lines": 7, "num_statements": 8, "percent_covered": 87.5, "percent_covered_display": "88", "missing_lines": 1, "excluded_lines": 0}, "missing_lines": [11], "excluded_lines": []}}, "classes": {"": {"executed_lines": [1, 4, 5, 8, 9, 10, 13, 15], "summary": {"covered_lines": 7, "num_statements": 8, "percent_covered": 87.5, "percent_covered_display": "88", "missing_lines": 1, "excluded_lines": 0}, "missing_lines": [11], "excluded_lines": []}}}, "src\\brass\\brass_manager.py": {"executed_lines": [1, 10, 12, 13, 14, 16, 17, 20, 21, 23, 24, 25, 26, 27, 30, 35, 38, 55, 56, 60, 61, 62, 63, 66, 71, 72, 73, 77, 78, 81, 86, 87, 88, 92, 95, 96, 98, 99, 101, 104, 107], "summary": {"covered_lines": 29, "num_statements": 29, "percent_covered": 100.0, "percent_covered_display": "100", "missing_lines": 0, "excluded_lines": 17}, "missing_lines": [], "excluded_lines": [61, 62, 63, 95, 96, 97, 98, 99, 100, 101, 102, 103, 104, 105, 106, 107, 108], "functions": {"BrassManager.__init__": {"executed_lines": [24, 25, 26, 27], "summary": {"covered_lines": 4, "num_statements": 4, "percent_covered": 100.0, "percent_covered_display": "100", "missing_lines": 0, "excluded_lines": 0}, "missing_lines": [], "excluded_lines": []}, "BrassManager.get_equipment_out_of_calibration": {"executed_lines": [35, 38, 55, 56, 60, 61, 62, 63], "summary": {"covered_lines": 5, "num_statements": 5, "percent_covered": 100.0, "percent_covered_display": "100", "missing_lines": 0, "excluded_lines": 3}, "missing_lines": [], "excluded_lines": [61, 62, 63]}, "BrassManager.generate_brass_report_html": {"executed_lines": [71, 72, 73, 77, 78, 81, 86, 87, 88, 92], "summary": {"covered_lines": 10, "num_statements": 10, "percent_covered": 100.0, "percent_covered_display": "100", "missing_lines": 0, "excluded_lines": 0}, "missing_lines": [], "excluded_lines": []}, "BrassManager.generate_html_report": {"executed_lines": [96, 98, 99, 101, 104, 107], "summary": {"covered_lines": 0, "num_statements": 0, "percent_covered": 100.0, "percent_covered_display": "100", "missing_lines": 0, "excluded_lines": 13}, "missing_lines": [], "excluded_lines": [96, 97, 98, 99, 100, 101, 102, 103, 104, 105, 106, 107, 108]}, "": {"executed_lines": [1, 10, 12, 13, 14, 16, 17, 20, 21, 23, 30, 66, 95], "summary": {"covered_lines": 10, "num_statements": 10, "percent_covered": 100.0, "percent_covered_display": "100", "missing_lines": 0, "excluded_lines": 1}, "missing_lines": [], "excluded_lines": [95]}}, "classes": {"BrassManager": {"executed_lines": [24, 25, 26, 27, 35, 38, 55, 56, 60, 61, 62, 63, 71, 72, 73, 77, 78, 81, 86, 87, 88, 92, 96, 98, 99, 101, 104, 107], "summary": {"covered_lines": 19, "num_statements": 19, "percent_covered": 100.0, "percent_covered_display": "100", "missing_lines": 0, "excluded_lines": 16}, "missing_lines": [], "excluded_lines": [61, 62, 63, 96, 97, 98, 99, 100, 101, 102, 103, 104, 105, 106, 107, 108]}, "": {"executed_lines": [1, 10, 12, 13, 14, 16, 17, 20, 21, 23, 30, 66, 95], "summary": {"covered_lines": 10, "num_statements": 10, "percent_covered": 100.0, "percent_covered_display": "100", "missing_lines": 0, "excluded_lines": 1}, "missing_lines": [], "excluded_lines": [95]}}}, "src\\brass\\brass_task.py": {"executed_lines": [1, 2, 3, 4, 5, 6, 7, 8, 9, 10, 13, 14, 16, 17, 24, 25, 26, 27, 28, 29, 34, 36, 40, 41, 45, 46, 47, 48, 49, 52, 53, 54, 58, 59, 68, 72, 73, 74, 75, 77, 78, 79, 80, 81, 85, 87], "summary": {"covered_lines": 44, "num_statements": 46, "percent_covered": 95.65217391304348, "percent_covered_display": "96", "missing_lines": 2, "excluded_lines": 7}, "missing_lines": [42, 43], "excluded_lines": [30, 31, 32, 55, 56, 82, 83], "functions": {"BrassTask.__init__": {"executed_lines": [17, 24, 25, 26, 27, 28, 29], "summary": {"covered_lines": 7, "num_statements": 7, "percent_covered": 100.0, "percent_covered_display": "100", "missing_lines": 0, "excluded_lines": 3}, "missing_lines": [], "excluded_lines": [30, 31, 32]}, "BrassTask.execute_specific_logic": {"executed_lines": [36, 40, 41, 45, 46, 47, 48, 49, 52, 53, 54, 58, 59, 68, 72, 73, 74, 75], "summary": {"covered_lines": 18, "num_statements": 20, "percent_covered": 90.0, "percent_covered_display": "90", "missing_lines": 2, "excluded_lines": 2}, "missing_lines": [42, 43], "excluded_lines": [55, 56]}, "BrassTask.close_connections": {"executed_lines": [78, 79, 80, 81, 85, 87], "summary": {"covered_lines": 6, "num_statements": 6, "percent_covered": 100.0, "percent_covered_display": "100", "missing_lines": 0, "excluded_lines": 2}, "missing_lines": [], "excluded_lines": [82, 83]}, "": {"executed_lines": [1, 2, 3, 4, 5, 6, 7, 8, 9, 10, 13, 14, 16, 34, 77], "summary": {"covered_lines": 13, "num_statements": 13, "percent_covered": 100.0, "percent_covered_display": "100", "missing_lines": 0, "excluded_lines": 0}, "missing_lines": [], "excluded_lines": []}}, "classes": {"BrassTask": {"executed_lines": [17, 24, 25, 26, 27, 28, 29, 36, 40, 41, 45, 46, 47, 48, 49, 52, 53, 54, 58, 59, 68, 72, 73, 74, 75, 78, 79, 80, 81, 85, 87], "summary": {"covered_lines": 31, "num_statements": 33, "percent_covered": 93.93939393939394, "percent_covered_display": "94", "missing_lines": 2, "excluded_lines": 7}, "missing_lines": [42, 43], "excluded_lines": [30, 31, 32, 55, 56, 82, 83]}, "": {"executed_lines": [1, 2, 3, 4, 5, 6, 7, 8, 9, 10, 13, 14, 16, 34, 77], "summary": {"covered_lines": 13, "num_statements": 13, "percent_covered": 100.0, "percent_covered_display": "100", "missing_lines": 0, "excluded_lines": 0}, "missing_lines": [], "excluded_lines": []}}}, "src\\brass\\run_brass.py": {"executed_lines": [1, 4, 5, 6, 7, 10, 11, 13, 14, 16, 17, 18, 23, 25, 26, 28, 29, 30, 31, 32, 34, 35, 36, 37, 38, 39, 41, 46, 51, 52, 54], "summary": {"covered_lines": 30, "num_statements": 37, "percent_covered": 81.08108108108108, "percent_covered_display": "81", "missing_lines": 7, "excluded_lines": 0}, "missing_lines": [40, 43, 44, 47, 48, 49, 55], "excluded_lines": [], "functions": {"main": {"executed_lines": [17, 18, 23, 25, 26, 28, 29, 30, 31, 32, 34, 35, 36, 37, 38, 39, 41, 46, 51, 52], "summary": {"covered_lines": 20, "num_statements": 26, "percent_covered": 76.92307692307692, "percent_covered_display": "77", "missing_lines": 6, "excluded_lines": 0}, "missing_lines": [40, 43, 44, 47, 48, 49], "excluded_lines": []}, "": {"executed_lines": [1, 4, 5, 6, 7, 10, 11, 13, 14, 16, 54], "summary": {"covered_lines": 10, "num_statements": 11, "percent_covered": 90.9090909090909, "percent_covered_display": "91", "missing_lines": 1, "excluded_lines": 0}, "missing_lines": [55], "excluded_lines": []}}, "classes": {"": {"executed_lines": [1, 4, 5, 6, 7, 10, 11, 13, 14, 16, 17, 18, 23, 25, 26, 28, 29, 30, 31, 32, 34, 35, 36, 37, 38, 39, 41, 46, 51, 52, 54], "summary": {"covered_lines": 30, "num_statements": 37, "percent_covered": 81.08108108108108, "percent_covered_display": "81", "missing_lines": 7, "excluded_lines": 0}, "missing_lines": [40, 43, 44, 47, 48, 49, 55], "excluded_lines": []}}}, "src\\common\\access_connection_pool.py": {"executed_lines": [1, 19, 20, 21, 22, 23, 24, 25, 26, 28, 29, 30, 34, 37, 38, 45, 54, 55, 56, 59, 60, 61, 62, 65, 74, 76, 78, 81, 82, 83, 84, 85, 86, 88, 89, 95, 97, 99, 100, 101, 102, 104, 106, 107, 109, 120, 122, 124, 125, 126, 129, 130, 144, 145, 155, 156, 158, 159, 160, 161, 163, 164, 166, 169, 170, 186, 187, 189, 190, 192, 194, 195, 197, 198, 200, 203, 204, 206, 207, 209, 211, 212, 214, 215, 219, 220, 221, 223, 225, 226, 227, 228, 229, 230, 231, 232, 237, 239, 240, 241, 242, 243, 249, 252, 253, 254, 255, 257, 259, 260, 261, 263, 264, 265, 271, 281, 308, 309, 310, 311, 312, 313, 314, 315, 318, 330, 331, 332, 335, 340, 342, 345, 357, 359, 360, 361, 363, 364, 365, 366, 368, 369, 371, 372, 374, 375, 377, 378, 380, 383], "summary": {"covered_lines": 148, "num_statements": 211, "percent_covered": 70.14218009478672, "percent_covered_display": "70", "missing_lines": 63, "excluded_lines": 6}, "missing_lines": [31, 32, 79, 91, 92, 93, 112, 113, 114, 115, 116, 117, 118, 132, 133, 135, 136, 137, 138, 139, 140, 141, 142, 172, 174, 175, 176, 177, 178, 180, 181, 182, 217, 244, 267, 268, 269, 273, 274, 283, 284, 287, 288, 289, 290, 291, 292, 295, 296, 297, 298, 299, 301, 302, 304, 333, 349, 350, 351, 352, 353, 381, 384], "excluded_lines": [233, 234, 235, 245, 246, 247], "functions": {"AccessConnectionPool.__init__": {"executed_lines": [54, 55, 56, 59, 60, 61, 62, 65, 74], "summary": {"covered_lines": 9, "num_statements": 9, "percent_covered": 100.0, "percent_covered_display": "100", "missing_lines": 0, "excluded_lines": 0}, "missing_lines": [], "excluded_lines": []}, "AccessConnectionPool._create_connection": {"executed_lines": [78, 81, 82, 83, 84, 85, 86, 88, 89], "summary": {"covered_lines": 9, "num_statements": 13, "percent_covered": 69.23076923076923, "percent_covered_display": "69", "missing_lines": 4, "excluded_lines": 0}, "missing_lines": [79, 91, 92, 93], "excluded_lines": []}, "AccessConnectionPool._get_connection": {"executed_lines": [97, 99, 100, 101, 102, 104, 106, 107, 109], "summary": {"covered_lines": 9, "num_statements": 16, "percent_covered": 56.25, "percent_covered_display": "56", "missing_lines": 7, "excluded_lines": 0}, "missing_lines": [112, 113, 114, 115, 116, 117, 118], "excluded_lines": []}, "AccessConnectionPool._return_connection": {"executed_lines": [122, 124, 125, 126, 129, 130], "summary": {"covered_lines": 6, "num_statements": 16, "percent_covered": 37.5, "percent_covered_display": "38", "missing_lines": 10, "excluded_lines": 0}, "missing_lines": [132, 133, 135, 136, 137, 138, 139, 140, 141, 142], "excluded_lines": []}, "AccessConnectionPool.get_connection": {"executed_lines": [155, 156, 158, 159, 160, 161, 163, 164, 166, 169, 170, 186, 187, 189, 190], "summary": {"covered_lines": 15, "num_statements": 24, "percent_covered": 62.5, "percent_covered_display": "62", "missing_lines": 9, "excluded_lines": 0}, "missing_lines": [172, 174, 175, 176, 177, 178, 180, 181, 182], "excluded_lines": []}, "AccessConnectionPool.execute_query": {"executed_lines": [194, 195, 197, 198, 200, 203, 204, 206, 207], "summary": {"covered_lines": 9, "num_statements": 9, "percent_covered": 100.0, "percent_covered_display": "100", "missing_lines": 0, "excluded_lines": 0}, "missing_lines": [], "excluded_lines": []}, "AccessConnectionPool.execute_non_query": {"executed_lines": [211, 212, 214, 215, 219, 220, 221], "summary": {"covered_lines": 7, "num_statements": 8, "percent_covered": 87.5, "percent_covered_display": "88", "missing_lines": 1, "excluded_lines": 0}, "missing_lines": [217], "excluded_lines": []}, "AccessConnectionPool.insert_record": {"executed_lines": [225, 226, 227, 228, 229, 230, 231, 232], "summary": {"covered_lines": 8, "num_statements": 8, "percent_covered": 100.0, "percent_covered_display": "100", "missing_lines": 0, "excluded_lines": 3}, "missing_lines": [], "excluded_lines": [233, 234, 235]}, "AccessConnectionPool.get_max_id": {"executed_lines": [239, 240, 241, 242, 243], "summary": {"covered_lines": 5, "num_statements": 6, "percent_covered": 83.33333333333333, "percent_covered_display": "83", "missing_lines": 1, "excluded_lines": 3}, "missing_lines": [244], "excluded_lines": [245, 246, 247]}, "AccessConnectionPool.update_record": {"executed_lines": [252, 253, 254, 255, 257, 259, 260, 261, 263, 264, 265], "summary": {"covered_lines": 11, "num_statements": 14, "percent_covered": 78.57142857142857, "percent_covered_display": "79", "missing_lines": 3, "excluded_lines": 0}, "missing_lines": [267, 268, 269], "excluded_lines": []}, "AccessConnectionPool.get_stats": {"executed_lines": [], "summary": {"covered_lines": 0, "num_statements": 2, "percent_covered": 0.0, "percent_covered_display": "0", "missing_lines": 2, "excluded_lines": 0}, "missing_lines": [273, 274], "excluded_lines": []}, "AccessConnectionPool.close_all": {"executed_lines": [], "summary": {"covered_lines": 0, "num_statements": 16, "percent_covered": 0.0, "percent_covered_display": "0", "missing_lines": 16, "excluded_lines": 0}, "missing_lines": [283, 284, 287, 288, 289, 290, 291, 292, 295, 296, 297, 298, 299, 301, 302, 304], "excluded_lines": []}, "get_tareas_connection_pool": {"executed_lines": [330, 331, 332, 335, 340, 342], "summary": {"covered_lines": 6, "num_statements": 7, "percent_covered": 85.71428571428571, "percent_covered_display": "86", "missing_lines": 1, "excluded_lines": 0}, "missing_lines": [333], "excluded_lines": []}, "close_tareas_pool": {"executed_lines": [], "summary": {"covered_lines": 0, "num_statements": 5, "percent_covered": 0.0, "percent_covered_display": "0", "missing_lines": 5, "excluded_lines": 0}, "missing_lines": [349, 350, 351, 352, 353], "excluded_lines": []}, "_get_pool": {"executed_lines": [359, 360, 361, 363, 364, 365, 366], "summary": {"covered_lines": 7, "num_statements": 7, "percent_covered": 100.0, "percent_covered_display": "100", "missing_lines": 0, "excluded_lines": 0}, "missing_lines": [], "excluded_lines": []}, "get_brass_connection_pool": {"executed_lines": [369], "summary": {"covered_lines": 1, "num_statements": 1, "percent_covered": 100.0, "percent_covered_display": "100", "missing_lines": 0, "excluded_lines": 0}, "missing_lines": [], "excluded_lines": []}, "get_expedientes_connection_pool": {"executed_lines": [372], "summary": {"covered_lines": 1, "num_statements": 1, "percent_covered": 100.0, "percent_covered_display": "100", "missing_lines": 0, "excluded_lines": 0}, "missing_lines": [], "excluded_lines": []}, "get_agedys_connection_pool": {"executed_lines": [375], "summary": {"covered_lines": 1, "num_statements": 1, "percent_covered": 100.0, "percent_covered_display": "100", "missing_lines": 0, "excluded_lines": 0}, "missing_lines": [], "excluded_lines": []}, "get_nc_connection_pool": {"executed_lines": [378], "summary": {"covered_lines": 1, "num_statements": 1, "percent_covered": 100.0, "percent_covered_display": "100", "missing_lines": 0, "excluded_lines": 0}, "missing_lines": [], "excluded_lines": []}, "get_riesgos_connection_pool": {"executed_lines": [], "summary": {"covered_lines": 0, "num_statements": 1, "percent_covered": 0.0, "percent_covered_display": "0", "missing_lines": 1, "excluded_lines": 0}, "missing_lines": [381], "excluded_lines": []}, "get_correos_connection_pool": {"executed_lines": [], "summary": {"covered_lines": 0, "num_statements": 1, "percent_covered": 0.0, "percent_covered_display": "0", "missing_lines": 1, "excluded_lines": 0}, "missing_lines": [384], "excluded_lines": []}, "": {"executed_lines": [1, 19, 20, 21, 22, 23, 24, 25, 26, 28, 29, 30, 34, 37, 38, 45, 76, 95, 120, 144, 145, 192, 209, 223, 237, 249, 271, 281, 308, 309, 310, 311, 312, 313, 314, 315, 318, 345, 357, 368, 371, 374, 377, 380, 383], "summary": {"covered_lines": 43, "num_statements": 45, "percent_covered": 95.55555555555556, "percent_covered_display": "96", "missing_lines": 2, "excluded_lines": 0}, "missing_lines": [31, 32], "excluded_lines": []}}, "classes": {"AccessConnectionPool": {"executed_lines": [54, 55, 56, 59, 60, 61, 62, 65, 74, 78, 81, 82, 83, 84, 85, 86, 88, 89, 97, 99, 100, 101, 102, 104, 106, 107, 109, 122, 124, 125, 126, 129, 130, 155, 156, 158, 159, 160, 161, 163, 164, 166, 169, 170, 186, 187, 189, 190, 194, 195, 197, 198, 200, 203, 204, 206, 207, 211, 212, 214, 215, 219, 220, 221, 225, 226, 227, 228, 229, 230, 231, 232, 239, 240, 241, 242, 243, 252, 253, 254, 255, 257, 259, 260, 261, 263, 264, 265], "summary": {"covered_lines": 88, "num_statements": 141, "percent_covered": 62.4113475177305, "percent_covered_display": "62", "missing_lines": 53, "excluded_lines": 6}, "missing_lines": [79, 91, 92, 93, 112, 113, 114, 115, 116, 117, 118, 132, 133, 135, 136, 137, 138, 139, 140, 141, 142, 172, 174, 175, 176, 177, 178, 180, 181, 182, 217, 244, 267, 268, 269, 273, 274, 283, 284, 287, 288, 289, 290, 291, 292, 295, 296, 297, 298, 299, 301, 302, 304], "excluded_lines": [233, 234, 235, 245, 246, 247]}, "": {"executed_lines": [1, 19, 20, 21, 22, 23, 24, 25, 26, 28, 29, 30, 34, 37, 38, 45, 76, 95, 120, 144, 145, 192, 209, 223, 237, 249, 271, 281, 308, 309, 310, 311, 312, 313, 314, 315, 318, 330, 331, 332, 335, 340, 342, 345, 357, 359, 360, 361, 363, 364, 365, 366, 368, 369, 371, 372, 374, 375, 377, 378, 380, 383], "summary": {"covered_lines": 60, "num_statements": 70, "percent_covered": 85.71428571428571, "percent_covered_display": "86", "missing_lines": 10, "excluded_lines": 0}, "missing_lines": [31, 32, 333, 349, 350, 351, 352, 353, 381, 384], "excluded_lines": []}}}, "src\\common\\base_email_manager.py": {"executed_lines": [], "summary": {"covered_lines": 0, "num_statements": 45, "percent_covered": 0.0, "percent_covered_display": "0", "missing_lines": 45, "excluded_lines": 0}, "missing_lines": [6, 7, 8, 9, 11, 12, 15, 23, 30, 31, 32, 33, 35, 52, 53, 54, 55, 57, 65, 66, 68, 70, 72, 73, 74, 76, 91, 98, 109, 110, 117, 123, 134, 135, 142, 148, 149, 157, 159, 160, 168, 170, 179, 180, 181], "excluded_lines": [], "functions": {"BaseEmailNotificationManager.__init__": {"executed_lines": [], "summary": {"covered_lines": 0, "num_statements": 4, "percent_covered": 0.0, "percent_covered_display": "0", "missing_lines": 4, "excluded_lines": 0}, "missing_lines": [30, 31, 32, 33], "excluded_lines": []}, "BaseEmailNotificationManager.send_simple_notification": {"executed_lines": [], "summary": {"covered_lines": 0, "num_statements": 12, "percent_covered": 0.0, "percent_covered_display": "0", "missing_lines": 12, "excluded_lines": 0}, "missing_lines": [52, 53, 54, 55, 57, 65, 66, 68, 70, 72, 73, 74], "excluded_lines": []}, "BaseEmailNotificationManager.send_html_report": {"executed_lines": [], "summary": {"covered_lines": 0, "num_statements": 1, "percent_covered": 0.0, "percent_covered_display": "0", "missing_lines": 1, "excluded_lines": 0}, "missing_lines": [91], "excluded_lines": []}, "BaseEmailNotificationManager.send_error_notification": {"executed_lines": [], "summary": {"covered_lines": 0, "num_statements": 3, "percent_covered": 0.0, "percent_covered_display": "0", "missing_lines": 3, "excluded_lines": 0}, "missing_lines": [109, 110, 117], "excluded_lines": []}, "BaseEmailNotificationManager.send_success_notification": {"executed_lines": [], "summary": {"covered_lines": 0, "num_statements": 3, "percent_covered": 0.0, "percent_covered_display": "0", "missing_lines": 3, "excluded_lines": 0}, "missing_lines": [134, 135, 142], "excluded_lines": []}, "BaseEmailNotificationManager.get_admin_emails": {"executed_lines": [], "summary": {"covered_lines": 0, "num_statements": 1, "percent_covered": 0.0, "percent_covered_display": "0", "missing_lines": 1, "excluded_lines": 0}, "missing_lines": [157], "excluded_lines": []}, "BaseEmailNotificationManager.generate_module_report": {"executed_lines": [], "summary": {"covered_lines": 0, "num_statements": 1, "percent_covered": 0.0, "percent_covered_display": "0", "missing_lines": 1, "excluded_lines": 0}, "missing_lines": [168], "excluded_lines": []}, "BaseEmailNotificationManager.log_email_sent": {"executed_lines": [], "summary": {"covered_lines": 0, "num_statements": 3, "percent_covered": 0.0, "percent_covered_display": "0", "missing_lines": 3, "excluded_lines": 0}, "missing_lines": [179, 180, 181], "excluded_lines": []}, "": {"executed_lines": [], "summary": {"covered_lines": 0, "num_statements": 17, "percent_covered": 0.0, "percent_covered_display": "0", "missing_lines": 17, "excluded_lines": 0}, "missing_lines": [6, 7, 8, 9, 11, 12, 15, 23, 35, 76, 98, 123, 148, 149, 159, 160, 170], "excluded_lines": []}}, "classes": {"BaseEmailNotificationManager": {"executed_lines": [], "summary": {"covered_lines": 0, "num_statements": 28, "percent_covered": 0.0, "percent_covered_display": "0", "missing_lines": 28, "excluded_lines": 0}, "missing_lines": [30, 31, 32, 33, 52, 53, 54, 55, 57, 65, 66, 68, 70, 72, 73, 74, 91, 109, 110, 117, 134, 135, 142, 157, 168, 179, 180, 181], "excluded_lines": []}, "": {"executed_lines": [], "summary": {"covered_lines": 0, "num_statements": 17, "percent_covered": 0.0, "percent_covered_display": "0", "missing_lines": 17, "excluded_lines": 0}, "missing_lines": [6, 7, 8, 9, 11, 12, 15, 23, 35, 76, 98, 123, 148, 149, 159, 160, 170], "excluded_lines": []}}}, "src\\common\\base_task.py": {"executed_lines": [1, 6, 7, 8, 9, 10, 11, 12, 14, 15, 16, 17, 20, 21, 25, 33, 34, 35, 38, 41, 42, 45, 46, 47, 49, 52, 54, 55, 56, 58, 59, 64, 65, 74, 130, 131, 137, 139, 140, 141, 145, 148, 149, 153, 163, 164, 165, 167, 169, 171, 173, 174, 176, 180, 184, 186, 187, 191, 192, 198, 217, 218, 222, 230, 232, 236, 238], "summary": {"covered_lines": 63, "num_statements": 106, "percent_covered": 59.43396226415094, "percent_covered_display": "59", "missing_lines": 43, "excluded_lines": 0}, "missing_lines": [50, 60, 61, 62, 72, 81, 82, 85, 86, 94, 96, 104, 105, 107, 109, 111, 112, 113, 120, 121, 122, 135, 142, 143, 181, 182, 188, 189, 194, 195, 196, 202, 203, 204, 206, 207, 208, 209, 210, 212, 213, 214, 243], "excluded_lines": [], "functions": {"BaseTask.__init__": {"executed_lines": [33, 34, 35, 38, 41, 42, 45, 46, 47, 49], "summary": {"covered_lines": 10, "num_statements": 11, "percent_covered": 90.9090909090909, "percent_covered_display": "91", "missing_lines": 1, "excluded_lines": 0}, "missing_lines": [50], "excluded_lines": []}, "BaseTask._init_database_connection": {"executed_lines": [54, 55, 56, 58, 59], "summary": {"covered_lines": 5, "num_statements": 8, "percent_covered": 62.5, "percent_covered_display": "62", "missing_lines": 3, "excluded_lines": 0}, "missing_lines": [60, 61, 62], "excluded_lines": []}, "BaseTask.debe_ejecutarse": {"executed_lines": [], "summary": {"covered_lines": 0, "num_statements": 1, "percent_covered": 0.0, "percent_covered_display": "0", "missing_lines": 1, "excluded_lines": 0}, "missing_lines": [72], "excluded_lines": []}, "BaseTask.ejecutar": {"executed_lines": [], "summary": {"covered_lines": 0, "num_statements": 16, "percent_covered": 0.0, "percent_covered_display": "0", "missing_lines": 16, "excluded_lines": 0}, "missing_lines": [81, 82, 85, 86, 94, 96, 104, 105, 107, 109, 111, 112, 113, 120, 121, 122], "excluded_lines": []}, "BaseTask.marcar_como_completada": {"executed_lines": [], "summary": {"covered_lines": 0, "num_statements": 1, "percent_covered": 0.0, "percent_covered_display": "0", "missing_lines": 1, "excluded_lines": 0}, "missing_lines": [135], "excluded_lines": []}, "BaseTask.close_connections": {"executed_lines": [139, 140, 141, 145], "summary": {"covered_lines": 4, "num_statements": 6, "percent_covered": 66.66666666666667, "percent_covered_display": "67", "missing_lines": 2, "excluded_lines": 0}, "missing_lines": [142, 143], "excluded_lines": []}, "TareaDiaria.__init__": {"executed_lines": [163, 164, 165], "summary": {"covered_lines": 3, "num_statements": 3, "percent_covered": 100.0, "percent_covered_display": "100", "missing_lines": 0, "excluded_lines": 0}, "missing_lines": [], "excluded_lines": []}, "TareaDiaria.__enter__": {"executed_lines": [169], "summary": {"covered_lines": 1, "num_statements": 1, "percent_covered": 100.0, "percent_covered_display": "100", "missing_lines": 0, "excluded_lines": 0}, "missing_lines": [], "excluded_lines": []}, "TareaDiaria.__exit__": {"executed_lines": [173, 174], "summary": {"covered_lines": 2, "num_statements": 2, "percent_covered": 100.0, "percent_covered_display": "100", "missing_lines": 0, "excluded_lines": 0}, "missing_lines": [], "excluded_lines": []}, "TareaDiaria.debe_ejecutarse": {"executed_lines": [180, 184, 186, 187, 191, 192], "summary": {"covered_lines": 6, "num_statements": 13, "percent_covered": 46.15384615384615, "percent_covered_display": "46", "missing_lines": 7, "excluded_lines": 0}, "missing_lines": [181, 182, 188, 189, 194, 195, 196], "excluded_lines": []}, "TareaDiaria.marcar_como_completada": {"executed_lines": [], "summary": {"covered_lines": 0, "num_statements": 11, "percent_covered": 0.0, "percent_covered_display": "0", "missing_lines": 11, "excluded_lines": 0}, "missing_lines": [202, 203, 204, 206, 207, 208, 209, 210, 212, 213, 214], "excluded_lines": []}, "TareaContinua.__init__": {"executed_lines": [230], "summary": {"covered_lines": 1, "num_statements": 1, "percent_covered": 100.0, "percent_covered_display": "100", "missing_lines": 0, "excluded_lines": 0}, "missing_lines": [], "excluded_lines": []}, "TareaContinua.debe_ejecutarse": {"executed_lines": [236], "summary": {"covered_lines": 1, "num_statements": 1, "percent_covered": 100.0, "percent_covered_display": "100", "missing_lines": 0, "excluded_lines": 0}, "missing_lines": [], "excluded_lines": []}, "TareaContinua.marcar_como_completada": {"executed_lines": [], "summary": {"covered_lines": 0, "num_statements": 1, "percent_covered": 0.0, "percent_covered_display": "0", "missing_lines": 1, "excluded_lines": 0}, "missing_lines": [243], "excluded_lines": []}, "": {"executed_lines": [1, 6, 7, 8, 9, 10, 11, 12, 14, 15, 16, 17, 20, 21, 25, 52, 64, 65, 74, 130, 131, 137, 148, 149, 153, 167, 171, 176, 198, 217, 218, 222, 232, 238], "summary": {"covered_lines": 30, "num_statements": 30, "percent_covered": 100.0, "percent_covered_display": "100", "missing_lines": 0, "excluded_lines": 0}, "missing_lines": [], "excluded_lines": []}}, "classes": {"BaseTask": {"executed_lines": [33, 34, 35, 38, 41, 42, 45, 46, 47, 49, 54, 55, 56, 58, 59, 139, 140, 141, 145], "summary": {"covered_lines": 19, "num_statements": 43, "percent_covered": 44.18604651162791, "percent_covered_display": "44", "missing_lines": 24, "excluded_lines": 0}, "missing_lines": [50, 60, 61, 62, 72, 81, 82, 85, 86, 94, 96, 104, 105, 107, 109, 111, 112, 113, 120, 121, 122, 135, 142, 143], "excluded_lines": []}, "TareaDiaria": {"executed_lines": [163, 164, 165, 169, 173, 174, 180, 184, 186, 187, 191, 192], "summary": {"covered_lines": 12, "num_statements": 30, "percent_covered": 40.0, "percent_covered_display": "40", "missing_lines": 18, "excluded_lines": 0}, "missing_lines": [181, 182, 188, 189, 194, 195, 196, 202, 203, 204, 206, 207, 208, 209, 210, 212, 213, 214], "excluded_lines": []}, "TareaContinua": {"executed_lines": [230, 236], "summary": {"covered_lines": 2, "num_statements": 3, "percent_covered": 66.66666666666667, "percent_covered_display": "67", "missing_lines": 1, "excluded_lines": 0}, "missing_lines": [243], "excluded_lines": []}, "": {"executed_lines": [1, 6, 7, 8, 9, 10, 11, 12, 14, 15, 16, 17, 20, 21, 25, 52, 64, 65, 74, 130, 131, 137, 148, 149, 153, 167, 171, 176, 198, 217, 218, 222, 232, 238], "summary": {"covered_lines": 30, "num_statements": 30, "percent_covered": 100.0, "percent_covered_display": "100", "missing_lines": 0, "excluded_lines": 0}, "missing_lines": [], "excluded_lines": []}}}, "src\\common\\config.py": {"executed_lines": [1, 2, 3, 4, 5, 8, 9, 17, 18, 21, 24, 25, 29, 81, 82, 83, 84, 85, 87, 88, 89, 90, 93, 94, 95, 96, 97, 98, 99, 100, 102, 103, 104, 105, 106, 107, 108, 109, 112, 115, 118, 119, 120, 121, 122, 123, 124, 126, 127, 128, 129, 130, 131, 134, 143, 144, 147, 148, 149, 150, 151, 154, 157, 158, 159, 161, 166, 171, 172, 173, 175, 177, 178, 179, 180, 182, 184, 186, 188, 189, 191, 192, 196, 198, 199, 200, 201, 215, 216, 221, 223, 225, 230, 231, 232, 235, 236, 241, 242, 243, 246, 247, 252, 253, 254, 255, 257, 258, 263, 265, 266, 271, 273, 274, 279, 282, 288, 290, 291, 292, 296, 298, 303, 304, 307, 309], "summary": {"covered_lines": 91, "num_statements": 110, "percent_covered": 82.72727272727273, "percent_covered_display": "83", "missing_lines": 19, "excluded_lines": 70}, "missing_lines": [135, 136, 137, 138, 139, 140, 162, 163, 194, 202, 204, 205, 206, 207, 208, 209, 210, 211, 212], "excluded_lines": [215, 216, 217, 218, 219, 220, 221, 223, 224, 225, 226, 227, 228, 229, 230, 231, 232, 233, 235, 236, 237, 238, 239, 240, 241, 242, 243, 244, 246, 247, 248, 249, 250, 251, 252, 253, 254, 255, 257, 258, 259, 260, 261, 262, 263, 265, 266, 267, 268, 269, 270, 271, 273, 274, 275, 276, 277, 278, 279, 282, 283, 284, 285, 286, 287, 288, 289, 290, 291, 292], "functions": {"Config.__init__": {"executed_lines": [18, 21, 24, 25, 29, 81, 82, 83, 84, 85, 87, 88, 89, 90, 93, 94, 95, 96, 97, 98, 99, 100, 102, 103, 104, 105, 106, 107, 108, 109, 112, 115, 118, 119, 120, 121, 122, 123, 124, 126, 127, 128, 129, 130, 131, 134, 143, 144, 147, 148, 149, 150, 151, 154, 157, 158, 159, 161], "summary": {"covered_lines": 58, "num_statements": 66, "percent_covered": 87.87878787878788, "percent_covered_display": "88", "missing_lines": 8, "excluded_lines": 0}, "missing_lines": [135, 136, 137, 138, 139, 140, 162, 163], "excluded_lines": []}, "Config.get_database_path": {"executed_lines": [171, 172, 173], "summary": {"covered_lines": 3, "num_statements": 3, "percent_covered": 100.0, "percent_covered_display": "100", "missing_lines": 0, "excluded_lines": 0}, "missing_lines": [], "excluded_lines": []}, "Config.get_db_connection_string": {"executed_lines": [177, 178, 179, 180], "summary": {"covered_lines": 4, "num_statements": 4, "percent_covered": 100.0, "percent_covered_display": "100", "missing_lines": 0, "excluded_lines": 0}, "missing_lines": [], "excluded_lines": []}, "Config._ensure_directories": {"executed_lines": [184], "summary": {"covered_lines": 1, "num_statements": 1, "percent_covered": 100.0, "percent_covered_display": "100", "missing_lines": 0, "excluded_lines": 0}, "missing_lines": [], "excluded_lines": []}, "Config.get_css_file_path": {"executed_lines": [188, 189, 191, 192], "summary": {"covered_lines": 4, "num_statements": 5, "percent_covered": 80.0, "percent_covered_display": "80", "missing_lines": 1, "excluded_lines": 0}, "missing_lines": [194], "excluded_lines": []}, "Config.get_nc_css_content": {"executed_lines": [198, 199, 200, 201], "summary": {"covered_lines": 4, "num_statements": 14, "percent_covered": 28.571428571428573, "percent_covered_display": "29", "missing_lines": 10, "excluded_lines": 0}, "missing_lines": [202, 204, 205, 206, 207, 208, 209, 210, 211, 212], "excluded_lines": []}, "Config.get_db_agedys_connection_string": {"executed_lines": [216, 221], "summary": {"covered_lines": 0, "num_statements": 0, "percent_covered": 100.0, "percent_covered_display": "100", "missing_lines": 0, "excluded_lines": 6}, "missing_lines": [], "excluded_lines": [216, 217, 218, 219, 220, 221]}, "Config.get_db_brass_connection_string": {"executed_lines": [225, 230, 231, 232], "summary": {"covered_lines": 0, "num_statements": 0, "percent_covered": 100.0, "percent_covered_display": "100", "missing_lines": 0, "excluded_lines": 9}, "missing_lines": [], "excluded_lines": [225, 226, 227, 228, 229, 230, 231, 232, 233]}, "Config.get_db_tareas_connection_string": {"executed_lines": [236, 241, 242, 243], "summary": {"covered_lines": 0, "num_statements": 0, "percent_covered": 100.0, "percent_covered_display": "100", "missing_lines": 0, "excluded_lines": 9}, "missing_lines": [], "excluded_lines": [236, 237, 238, 239, 240, 241, 242, 243, 244]}, "Config.get_db_correos_connection_string": {"executed_lines": [247, 252, 253, 254, 255], "summary": {"covered_lines": 0, "num_statements": 0, "percent_covered": 100.0, "percent_covered_display": "100", "missing_lines": 0, "excluded_lines": 9}, "missing_lines": [], "excluded_lines": [247, 248, 249, 250, 251, 252, 253, 254, 255]}, "Config.get_db_riesgos_connection_string": {"executed_lines": [258, 263], "summary": {"covered_lines": 0, "num_statements": 0, "percent_covered": 100.0, "percent_covered_display": "100", "missing_lines": 0, "excluded_lines": 6}, "missing_lines": [], "excluded_lines": [258, 259, 260, 261, 262, 263]}, "Config.get_db_expedientes_connection_string": {"executed_lines": [266, 271], "summary": {"covered_lines": 0, "num_statements": 0, "percent_covered": 100.0, "percent_covered_display": "100", "missing_lines": 0, "excluded_lines": 6}, "missing_lines": [], "excluded_lines": [266, 267, 268, 269, 270, 271]}, "Config.get_db_no_conformidades_connection_string": {"executed_lines": [274, 279], "summary": {"covered_lines": 0, "num_statements": 0, "percent_covered": 100.0, "percent_covered_display": "100", "missing_lines": 0, "excluded_lines": 6}, "missing_lines": [], "excluded_lines": [274, 275, 276, 277, 278, 279]}, "Config.get_local_db_path": {"executed_lines": [288, 290, 291, 292], "summary": {"covered_lines": 0, "num_statements": 0, "percent_covered": 100.0, "percent_covered_display": "100", "missing_lines": 0, "excluded_lines": 10}, "missing_lines": [], "excluded_lines": [283, 284, 285, 286, 287, 288, 289, 290, 291, 292]}, "reload_config": {"executed_lines": [303, 304, 307, 309], "summary": {"covered_lines": 4, "num_statements": 4, "percent_covered": 100.0, "percent_covered_display": "100", "missing_lines": 0, "excluded_lines": 0}, "missing_lines": [], "excluded_lines": []}, "": {"executed_lines": [1, 2, 3, 4, 5, 8, 9, 17, 166, 175, 182, 186, 196, 215, 223, 235, 246, 257, 265, 273, 282, 296, 298], "summary": {"covered_lines": 13, "num_statements": 13, "percent_covered": 100.0, "percent_covered_display": "100", "missing_lines": 0, "excluded_lines": 9}, "missing_lines": [], "excluded_lines": [215, 223, 224, 235, 246, 257, 265, 273, 282]}}, "classes": {"Config": {"executed_lines": [18, 21, 24, 25, 29, 81, 82, 83, 84, 85, 87, 88, 89, 90, 93, 94, 95, 96, 97, 98, 99, 100, 102, 103, 104, 105, 106, 107, 108, 109, 112, 115, 118, 119, 120, 121, 122, 123, 124, 126, 127, 128, 129, 130, 131, 134, 143, 144, 147, 148, 149, 150, 151, 154, 157, 158, 159, 161, 171, 172, 173, 177, 178, 179, 180, 184, 188, 189, 191, 192, 198, 199, 200, 201, 216, 221, 225, 230, 231, 232, 236, 241, 242, 243, 247, 252, 253, 254, 255, 258, 263, 266, 271, 274, 279, 288, 290, 291, 292], "summary": {"covered_lines": 74, "num_statements": 93, "percent_covered": 79.56989247311827, "percent_covered_display": "80", "missing_lines": 19, "excluded_lines": 61}, "missing_lines": [135, 136, 137, 138, 139, 140, 162, 163, 194, 202, 204, 205, 206, 207, 208, 209, 210, 211, 212], "excluded_lines": [216, 217, 218, 219, 220, 221, 225, 226, 227, 228, 229, 230, 231, 232, 233, 236, 237, 238, 239, 240, 241, 242, 243, 244, 247, 248, 249, 250, 251, 252, 253, 254, 255, 258, 259, 260, 261, 262, 263, 266, 267, 268, 269, 270, 271, 274, 275, 276, 277, 278, 279, 283, 284, 285, 286, 287, 288, 289, 290, 291, 292]}, "": {"executed_lines": [1, 2, 3, 4, 5, 8, 9, 17, 166, 175, 182, 186, 196, 215, 223, 235, 246, 257, 265, 273, 282, 296, 298, 303, 304, 307, 309], "summary": {"covered_lines": 17, "num_statements": 17, "percent_covered": 100.0, "percent_covered_display": "100", "missing_lines": 0, "excluded_lines": 9}, "missing_lines": [], "excluded_lines": [215, 223, 224, 235, 246, 257, 265, 273, 282]}}}, "src\\common\\database.py": {"executed_lines": [1, 10, 11, 13, 14, 16, 19, 20, 21, 27, 28, 35, 36, 37, 38, 40, 42, 50, 51, 53, 54, 55, 56, 57, 58, 59, 61, 63, 64, 65, 66, 67, 68, 70, 76, 77, 78, 79, 80, 81, 82, 83, 84, 85, 87, 88, 93, 94, 96, 98, 100, 101, 102, 103, 104, 105, 106, 107, 108, 110, 111, 112, 113, 114, 115, 117, 118, 120, 121, 122, 123, 124, 125, 127, 128, 129, 130, 131, 132, 133, 135, 136, 137, 138, 139, 140, 141, 142, 144, 145, 146, 147, 148, 149, 150, 151, 152, 153, 154, 155, 156, 157, 159, 160, 161, 162, 163, 164, 165, 166, 167, 168, 169, 170, 171, 177], "summary": {"covered_lines": 110, "num_statements": 125, "percent_covered": 88.0, "percent_covered_display": "88", "missing_lines": 15, "excluded_lines": 6}, "missing_lines": [22, 23, 24, 44, 45, 47, 48, 49, 52, 86, 91, 119, 172, 173, 174], "excluded_lines": [93, 94, 95, 96, 97, 98], "functions": {"AccessDatabase.__init__": {"executed_lines": [36, 37, 38], "summary": {"covered_lines": 3, "num_statements": 3, "percent_covered": 100.0, "percent_covered_display": "100", "missing_lines": 0, "excluded_lines": 0}, "missing_lines": [], "excluded_lines": []}, "AccessDatabase.connect": {"executed_lines": [42, 50, 51, 53, 54, 55, 56, 57, 58, 59], "summary": {"covered_lines": 10, "num_statements": 16, "percent_covered": 62.5, "percent_covered_display": "62", "missing_lines": 6, "excluded_lines": 0}, "missing_lines": [44, 45, 47, 48, 49, 52], "excluded_lines": []}, "AccessDatabase.disconnect": {"executed_lines": [63, 64, 65, 66, 67, 68], "summary": {"covered_lines": 6, "num_statements": 6, "percent_covered": 100.0, "percent_covered_display": "100", "missing_lines": 0, "excluded_lines": 0}, "missing_lines": [], "excluded_lines": []}, "AccessDatabase.get_connection": {"executed_lines": [76, 77, 78, 81, 84, 88], "summary": {"covered_lines": 6, "num_statements": 7, "percent_covered": 85.71428571428571, "percent_covered_display": "86", "missing_lines": 1, "excluded_lines": 0}, "missing_lines": [91], "excluded_lines": []}, "AccessDatabase.get_connection.ConnectionManager.__init__": {"executed_lines": [79, 80], "summary": {"covered_lines": 2, "num_statements": 2, "percent_covered": 100.0, "percent_covered_display": "100", "missing_lines": 0, "excluded_lines": 0}, "missing_lines": [], "excluded_lines": []}, "AccessDatabase.get_connection.ConnectionManager.__enter__": {"executed_lines": [82, 83], "summary": {"covered_lines": 2, "num_statements": 2, "percent_covered": 100.0, "percent_covered_display": "100", "missing_lines": 0, "excluded_lines": 0}, "missing_lines": [], "excluded_lines": []}, "AccessDatabase.get_connection.ConnectionManager.__exit__": {"executed_lines": [85, 87], "summary": {"covered_lines": 2, "num_statements": 3, "percent_covered": 66.66666666666667, "percent_covered_display": "67", "missing_lines": 1, "excluded_lines": 0}, "missing_lines": [86], "excluded_lines": []}, "AccessDatabase.get_cursor": {"executed_lines": [94, 96, 98], "summary": {"covered_lines": 0, "num_statements": 0, "percent_covered": 100.0, "percent_covered_display": "100", "missing_lines": 0, "excluded_lines": 5}, "missing_lines": [], "excluded_lines": [94, 95, 96, 97, 98]}, "AccessDatabase.execute_query": {"executed_lines": [101, 102, 103, 104, 105, 106, 107, 108, 110, 111, 112, 113, 114, 115], "summary": {"covered_lines": 14, "num_statements": 14, "percent_covered": 100.0, "percent_covered_display": "100", "missing_lines": 0, "excluded_lines": 0}, "missing_lines": [], "excluded_lines": []}, "AccessDatabase.execute_non_query": {"executed_lines": [118, 120, 121, 122, 123, 124, 125, 127, 128, 129, 130, 131, 132, 133], "summary": {"covered_lines": 14, "num_statements": 15, "percent_covered": 93.33333333333333, "percent_covered_display": "93", "missing_lines": 1, "excluded_lines": 0}, "missing_lines": [119], "excluded_lines": []}, "AccessDatabase.get_max_id": {"executed_lines": [136, 137, 138, 139, 140, 141, 142], "summary": {"covered_lines": 7, "num_statements": 7, "percent_covered": 100.0, "percent_covered_display": "100", "missing_lines": 0, "excluded_lines": 0}, "missing_lines": [], "excluded_lines": []}, "AccessDatabase.insert_record": {"executed_lines": [145, 146, 147, 148, 149, 150, 151, 152, 153, 154, 155, 156, 157], "summary": {"covered_lines": 13, "num_statements": 13, "percent_covered": 100.0, "percent_covered_display": "100", "missing_lines": 0, "excluded_lines": 0}, "missing_lines": [], "excluded_lines": []}, "AccessDatabase.update_record": {"executed_lines": [160, 161, 162, 163, 164, 165, 166, 167, 168, 169, 170, 171], "summary": {"covered_lines": 12, "num_statements": 15, "percent_covered": 80.0, "percent_covered_display": "80", "missing_lines": 3, "excluded_lines": 0}, "missing_lines": [172, 173, 174], "excluded_lines": []}, "": {"executed_lines": [1, 10, 11, 13, 14, 16, 19, 20, 21, 27, 28, 35, 40, 61, 70, 93, 100, 117, 135, 144, 159, 177], "summary": {"covered_lines": 19, "num_statements": 22, "percent_covered": 86.36363636363636, "percent_covered_display": "86", "missing_lines": 3, "excluded_lines": 1}, "missing_lines": [22, 23, 24], "excluded_lines": [93]}}, "classes": {"AccessDatabase": {"executed_lines": [36, 37, 38, 42, 50, 51, 53, 54, 55, 56, 57, 58, 59, 63, 64, 65, 66, 67, 68, 76, 77, 78, 81, 84, 88, 94, 96, 98, 101, 102, 103, 104, 105, 106, 107, 108, 110, 111, 112, 113, 114, 115, 118, 120, 121, 122, 123, 124, 125, 127, 128, 129, 130, 131, 132, 133, 136, 137, 138, 139, 140, 141, 142, 145, 146, 147, 148, 149, 150, 151, 152, 153, 154, 155, 156, 157, 160, 161, 162, 163, 164, 165, 166, 167, 168, 169, 170, 171], "summary": {"covered_lines": 85, "num_statements": 96, "percent_covered": 88.54166666666667, "percent_covered_display": "89", "missing_lines": 11, "excluded_lines": 5}, "missing_lines": [44, 45, 47, 48, 49, 52, 91, 119, 172, 173, 174], "excluded_lines": [94, 95, 96, 97, 98]}, "AccessDatabase.get_connection.ConnectionManager": {"executed_lines": [79, 80, 82, 83, 85, 87], "summary": {"covered_lines": 6, "num_statements": 7, "percent_covered": 85.71428571428571, "percent_covered_display": "86", "missing_lines": 1, "excluded_lines": 0}, "missing_lines": [86], "excluded_lines": []}, "": {"executed_lines": [1, 10, 11, 13, 14, 16, 19, 20, 21, 27, 28, 35, 40, 61, 70, 93, 100, 117, 135, 144, 159, 177], "summary": {"covered_lines": 19, "num_statements": 22, "percent_covered": 86.36363636363636, "percent_covered_display": "86", "missing_lines": 3, "excluded_lines": 1}, "missing_lines": [22, 23, 24], "excluded_lines": [93]}}}, "src\\common\\database_adapter.py": {"executed_lines": [1, 11, 13, 14, 16, 17, 18, 24, 25, 33, 34, 35, 36, 37, 38, 40, 41, 42, 45, 47, 51, 52, 53, 55, 56, 58, 61, 62, 63, 64, 66, 68, 69, 70, 72, 73, 74, 75, 77, 78, 80, 81, 83, 84, 85, 86, 88, 89, 91, 94, 95, 96, 97, 103, 104, 106, 107], "summary": {"covered_lines": 55, "num_statements": 57, "percent_covered": 96.49122807017544, "percent_covered_display": "96", "missing_lines": 2, "excluded_lines": 3}, "missing_lines": [98, 100], "excluded_lines": [19, 20, 21], "functions": {"AccessAdapter.__init__": {"executed_lines": [34, 35, 36, 37, 38, 40, 41, 42], "summary": {"covered_lines": 8, "num_statements": 8, "percent_covered": 100.0, "percent_covered_display": "100", "missing_lines": 0, "excluded_lines": 0}, "missing_lines": [], "excluded_lines": []}, "AccessAdapter._build_connection_string": {"executed_lines": [47, 51, 52, 53], "summary": {"covered_lines": 4, "num_statements": 4, "percent_covered": 100.0, "percent_covered_display": "100", "missing_lines": 0, "excluded_lines": 0}, "missing_lines": [], "excluded_lines": []}, "AccessAdapter._connect": {"executed_lines": [56, 58], "summary": {"covered_lines": 2, "num_statements": 2, "percent_covered": 100.0, "percent_covered_display": "100", "missing_lines": 0, "excluded_lines": 0}, "missing_lines": [], "excluded_lines": []}, "AccessAdapter.execute_query": {"executed_lines": [62, 63, 64, 66, 68, 69, 70], "summary": {"covered_lines": 7, "num_statements": 7, "percent_covered": 100.0, "percent_covered_display": "100", "missing_lines": 0, "excluded_lines": 0}, "missing_lines": [], "excluded_lines": []}, "AccessAdapter.execute_non_query": {"executed_lines": [73, 74, 75, 77, 78, 80, 81], "summary": {"covered_lines": 7, "num_statements": 7, "percent_covered": 100.0, "percent_covered_display": "100", "missing_lines": 0, "excluded_lines": 0}, "missing_lines": [], "excluded_lines": []}, "AccessAdapter.get_tables": {"executed_lines": [84, 85, 86, 88, 89, 91], "summary": {"covered_lines": 6, "num_statements": 6, "percent_covered": 100.0, "percent_covered_display": "100", "missing_lines": 0, "excluded_lines": 0}, "missing_lines": [], "excluded_lines": []}, "AccessAdapter.close": {"executed_lines": [95, 96, 97], "summary": {"covered_lines": 3, "num_statements": 5, "percent_covered": 60.0, "percent_covered_display": "60", "missing_lines": 2, "excluded_lines": 0}, "missing_lines": [98, 100], "excluded_lines": []}, "AccessAdapter.__enter__": {"executed_lines": [104], "summary": {"covered_lines": 1, "num_statements": 1, "percent_covered": 100.0, "percent_covered_display": "100", "missing_lines": 0, "excluded_lines": 0}, "missing_lines": [], "excluded_lines": []}, "AccessAdapter.__exit__": {"executed_lines": [107], "summary": {"covered_lines": 1, "num_statements": 1, "percent_covered": 100.0, "percent_covered_display": "100", "missing_lines": 0, "excluded_lines": 0}, "missing_lines": [], "excluded_lines": []}, "": {"executed_lines": [1, 11, 13, 14, 16, 17, 18, 24, 25, 33, 45, 55, 61, 72, 83, 94, 103, 106], "summary": {"covered_lines": 16, "num_statements": 16, "percent_covered": 100.0, "percent_covered_display": "100", "missing_lines": 0, "excluded_lines": 3}, "missing_lines": [], "excluded_lines": [19, 20, 21]}}, "classes": {"AccessAdapter": {"executed_lines": [34, 35, 36, 37, 38, 40, 41, 42, 47, 51, 52, 53, 56, 58, 62, 63, 64, 66, 68, 69, 70, 73, 74, 75, 77, 78, 80, 81, 84, 85, 86, 88, 89, 91, 95, 96, 97, 104, 107], "summary": {"covered_lines": 39, "num_statements": 41, "percent_covered": 95.1219512195122, "percent_covered_display": "95", "missing_lines": 2, "excluded_lines": 0}, "missing_lines": [98, 100], "excluded_lines": []}, "": {"executed_lines": [1, 11, 13, 14, 16, 17, 18, 24, 25, 33, 45, 55, 61, 72, 83, 94, 103, 106], "summary": {"covered_lines": 16, "num_statements": 16, "percent_covered": 100.0, "percent_covered_display": "100", "missing_lines": 0, "excluded_lines": 3}, "missing_lines": [], "excluded_lines": [19, 20, 21]}}}, "src\\common\\email\\recipients_service.py": {"executed_lines": [1, 6, 8, 10, 13, 14, 16, 17, 18, 19, 22, 23, 24, 26, 27, 29, 30, 31, 33, 34, 35, 36, 37, 39, 52, 53, 54, 55, 56, 59], "summary": {"covered_lines": 28, "num_statements": 31, "percent_covered": 90.3225806451613, "percent_covered_display": "90", "missing_lines": 3, "excluded_lines": 3}, "missing_lines": [44, 45, 46], "excluded_lines": [47, 48, 49], "functions": {"EmailRecipientsService.__init__": {"executed_lines": [17, 18, 19], "summary": {"covered_lines": 3, "num_statements": 3, "percent_covered": 100.0, "percent_covered_display": "100", "missing_lines": 0, "excluded_lines": 0}, "missing_lines": [], "excluded_lines": []}, "EmailRecipientsService.get_admin_emails": {"executed_lines": [23, 24], "summary": {"covered_lines": 2, "num_statements": 2, "percent_covered": 100.0, "percent_covered_display": "100", "missing_lines": 0, "excluded_lines": 0}, "missing_lines": [], "excluded_lines": []}, "EmailRecipientsService.get_admin_emails_string": {"executed_lines": [27], "summary": {"covered_lines": 1, "num_statements": 1, "percent_covered": 100.0, "percent_covered_display": "100", "missing_lines": 0, "excluded_lines": 0}, "missing_lines": [], "excluded_lines": []}, "EmailRecipientsService.get_technical_emails": {"executed_lines": [30, 31], "summary": {"covered_lines": 2, "num_statements": 2, "percent_covered": 100.0, "percent_covered_display": "100", "missing_lines": 0, "excluded_lines": 0}, "missing_lines": [], "excluded_lines": []}, "EmailRecipientsService.get_quality_emails": {"executed_lines": [34, 35, 36, 37], "summary": {"covered_lines": 4, "num_statements": 4, "percent_covered": 100.0, "percent_covered_display": "100", "missing_lines": 0, "excluded_lines": 0}, "missing_lines": [], "excluded_lines": []}, "EmailRecipientsService.get_economy_emails": {"executed_lines": [], "summary": {"covered_lines": 0, "num_statements": 3, "percent_covered": 0.0, "percent_covered_display": "0", "missing_lines": 3, "excluded_lines": 3}, "missing_lines": [44, 45, 46], "excluded_lines": [47, 48, 49]}, "EmailRecipientsService._split": {"executed_lines": [54, 55, 56], "summary": {"covered_lines": 3, "num_statements": 3, "percent_covered": 100.0, "percent_covered_display": "100", "missing_lines": 0, "excluded_lines": 0}, "missing_lines": [], "excluded_lines": []}, "": {"executed_lines": [1, 6, 8, 10, 13, 14, 16, 22, 26, 29, 33, 39, 52, 53, 59], "summary": {"covered_lines": 13, "num_statements": 13, "percent_covered": 100.0, "percent_covered_display": "100", "missing_lines": 0, "excluded_lines": 0}, "missing_lines": [], "excluded_lines": []}}, "classes": {"EmailRecipientsService": {"executed_lines": [17, 18, 19, 23, 24, 27, 30, 31, 34, 35, 36, 37, 54, 55, 56], "summary": {"covered_lines": 15, "num_statements": 18, "percent_covered": 83.33333333333333, "percent_covered_display": "83", "missing_lines": 3, "excluded_lines": 3}, "missing_lines": [44, 45, 46], "excluded_lines": [47, 48, 49]}, "": {"executed_lines": [1, 6, 8, 10, 13, 14, 16, 22, 26, 29, 33, 39, 52, 53, 59], "summary": {"covered_lines": 13, "num_statements": 13, "percent_covered": 100.0, "percent_covered_display": "100", "missing_lines": 0, "excluded_lines": 0}, "missing_lines": [], "excluded_lines": []}}}, "src\\common\\email\\registration_service.py": {"executed_lines": [1, 6, 8, 11, 14, 15, 23, 24, 25, 30, 31, 38], "summary": {"covered_lines": 11, "num_statements": 11, "percent_covered": 100.0, "percent_covered_display": "100", "missing_lines": 0, "excluded_lines": 4}, "missing_lines": [], "excluded_lines": [32, 33, 34, 35], "functions": {"register_standard_report": {"executed_lines": [14, 15, 23, 24, 25, 30, 31], "summary": {"covered_lines": 7, "num_statements": 7, "percent_covered": 100.0, "percent_covered_display": "100", "missing_lines": 0, "excluded_lines": 4}, "missing_lines": [], "excluded_lines": [32, 33, 34, 35]}, "": {"executed_lines": [1, 6, 8, 11, 38], "summary": {"covered_lines": 4, "num_statements": 4, "percent_covered": 100.0, "percent_covered_display": "100", "missing_lines": 0, "excluded_lines": 0}, "missing_lines": [], "excluded_lines": []}}, "classes": {"": {"executed_lines": [1, 6, 8, 11, 14, 15, 23, 24, 25, 30, 31, 38], "summary": {"covered_lines": 11, "num_statements": 11, "percent_covered": 100.0, "percent_covered_display": "100", "missing_lines": 0, "excluded_lines": 4}, "missing_lines": [], "excluded_lines": [32, 33, 34, 35]}}}, "src\\common\\html_report_generator.py": {"executed_lines": [1, 6, 7, 8, 9, 10, 14, 17, 18, 19, 21, 22, 24, 26, 27, 30, 50, 51, 52, 53, 54, 56, 57, 58, 60, 61, 64, 65, 66, 68, 70, 72, 73, 75, 76, 78, 81, 84, 85, 87, 88, 90, 91, 93, 95, 96, 97, 98, 106, 108, 127, 129, 131, 139, 142, 143, 145, 146, 147, 148, 149, 151, 152, 153, 154, 155, 156, 157, 158, 162, 163, 167, 168, 169, 170, 186, 187, 188, 198, 202, 204, 205, 206, 207, 215, 216, 217, 227, 228, 230, 231, 232, 233, 240, 241, 250, 251, 253, 254, 255, 256, 264, 265, 266, 277, 278, 280, 281, 282, 284, 285, 293, 294, 295, 307, 308, 311, 313, 314, 315, 316, 317, 318, 319, 321, 322, 323, 324, 325, 326, 327, 329, 331, 332, 334, 350, 351, 352, 354, 365, 370, 372, 374, 377, 393, 394, 395, 398, 399, 400, 401, 402, 403, 404, 406, 407, 409, 420, 425, 427, 429, 432, 449, 450, 451, 452, 455, 456, 457, 458, 459, 460, 462, 463, 465, 477, 482, 484, 486, 487, 489, 510, 511, 512, 514, 525, 530, 532, 537, 538, 539, 540, 543, 548, 550, 590, 592, 594, 595, 596, 597, 598, 599, 600, 601, 604, 611, 612, 613, 614, 615, 622, 625, 626, 627, 632], "summary": {"covered_lines": 214, "num_statements": 233, "percent_covered": 91.84549356223177, "percent_covered_display": "92", "missing_lines": 19, "excluded_lines": 0}, "missing_lines": [67, 99, 100, 101, 144, 159, 160, 161, 164, 375, 430, 617, 618, 619, 620, 623, 624, 629, 630], "excluded_lines": [], "functions": {"HTMLReportGenerator.__init__": {"executed_lines": [22], "summary": {"covered_lines": 1, "num_statements": 1, "percent_covered": 100.0, "percent_covered_display": "100", "missing_lines": 0, "excluded_lines": 0}, "missing_lines": [], "excluded_lines": []}, "HTMLReportGenerator.generate_table": {"executed_lines": [26, 27, 30, 50, 51, 52, 53, 54, 56, 57, 58, 60, 61, 64, 65, 66, 68, 70, 72, 73, 75, 76, 78, 81, 84, 85, 87, 88, 90, 91], "summary": {"covered_lines": 30, "num_statements": 31, "percent_covered": 96.7741935483871, "percent_covered_display": "97", "missing_lines": 1, "excluded_lines": 0}, "missing_lines": [67], "excluded_lines": []}, "HTMLReportGenerator.get_css_styles": {"executed_lines": [95, 96, 97, 98], "summary": {"covered_lines": 4, "num_statements": 7, "percent_covered": 57.142857142857146, "percent_covered_display": "57", "missing_lines": 3, "excluded_lines": 0}, "missing_lines": [99, 100, 101], "excluded_lines": []}, "HTMLReportGenerator.generar_header_moderno": {"executed_lines": [108, 127], "summary": {"covered_lines": 2, "num_statements": 2, "percent_covered": 100.0, "percent_covered_display": "100", "missing_lines": 0, "excluded_lines": 0}, "missing_lines": [], "excluded_lines": []}, "HTMLReportGenerator.generar_footer_moderno": {"executed_lines": [131, 139], "summary": {"covered_lines": 2, "num_statements": 2, "percent_covered": 100.0, "percent_covered_display": "100", "missing_lines": 0, "excluded_lines": 0}, "missing_lines": [], "excluded_lines": []}, "HTMLReportGenerator._dias_class": {"executed_lines": [143, 145, 146, 147, 148, 149], "summary": {"covered_lines": 6, "num_statements": 7, "percent_covered": 85.71428571428571, "percent_covered_display": "86", "missing_lines": 1, "excluded_lines": 0}, "missing_lines": [144], "excluded_lines": []}, "HTMLReportGenerator._fmt_fecha": {"executed_lines": [152, 153, 154, 155, 156, 157, 158, 162, 163], "summary": {"covered_lines": 9, "num_statements": 13, "percent_covered": 69.23076923076923, "percent_covered_display": "69", "missing_lines": 4, "excluded_lines": 0}, "missing_lines": [159, 160, 161, 164], "excluded_lines": []}, "HTMLReportGenerator.tabla_arapc_proximas": {"executed_lines": [168, 169, 170, 186, 187, 188, 198, 202], "summary": {"covered_lines": 8, "num_statements": 8, "percent_covered": 100.0, "percent_covered_display": "100", "missing_lines": 0, "excluded_lines": 0}, "missing_lines": [], "excluded_lines": []}, "HTMLReportGenerator.tabla_nc_pendientes_eficacia": {"executed_lines": [205, 206, 207, 215, 216, 217, 227, 228], "summary": {"covered_lines": 8, "num_statements": 8, "percent_covered": 100.0, "percent_covered_display": "100", "missing_lines": 0, "excluded_lines": 0}, "missing_lines": [], "excluded_lines": []}, "HTMLReportGenerator.tabla_nc_sin_acciones": {"executed_lines": [231, 232, 233, 240, 241, 250, 251], "summary": {"covered_lines": 7, "num_statements": 7, "percent_covered": 100.0, "percent_covered_display": "100", "missing_lines": 0, "excluded_lines": 0}, "missing_lines": [], "excluded_lines": []}, "HTMLReportGenerator.tabla_ars_replanificar": {"executed_lines": [254, 255, 256, 264, 265, 266, 277, 278], "summary": {"covered_lines": 8, "num_statements": 8, "percent_covered": 100.0, "percent_covered_display": "100", "missing_lines": 0, "excluded_lines": 0}, "missing_lines": [], "excluded_lines": []}, "HTMLReportGenerator.tabla_ar_tecnico": {"executed_lines": [281, 282, 284, 285, 293, 294, 295, 307, 308], "summary": {"covered_lines": 9, "num_statements": 9, "percent_covered": 100.0, "percent_covered_display": "100", "missing_lines": 0, "excluded_lines": 0}, "missing_lines": [], "excluded_lines": []}, "HTMLReportGenerator.generar_reporte_calidad_moderno": {"executed_lines": [313, 314, 315, 316, 317, 318, 319], "summary": {"covered_lines": 7, "num_statements": 7, "percent_covered": 100.0, "percent_covered_display": "100", "missing_lines": 0, "excluded_lines": 0}, "missing_lines": [], "excluded_lines": []}, "HTMLReportGenerator.generar_reporte_tecnico_moderno": {"executed_lines": [322, 323, 324, 325, 326, 327], "summary": {"covered_lines": 6, "num_statements": 6, "percent_covered": 100.0, "percent_covered_display": "100", "missing_lines": 0, "excluded_lines": 0}, "missing_lines": [], "excluded_lines": []}, "HTMLReportGenerator.generar_tabla_nc_eficacia": {"executed_lines": [331, 332, 334, 350, 351, 352, 354, 365, 370], "summary": {"covered_lines": 9, "num_statements": 9, "percent_covered": 100.0, "percent_covered_display": "100", "missing_lines": 0, "excluded_lines": 0}, "missing_lines": [], "excluded_lines": []}, "HTMLReportGenerator.generar_tabla_arapc": {"executed_lines": [374, 377, 393, 394, 395, 398, 399, 400, 401, 402, 403, 404, 406, 407, 409, 420, 425], "summary": {"covered_lines": 17, "num_statements": 18, "percent_covered": 94.44444444444444, "percent_covered_display": "94", "missing_lines": 1, "excluded_lines": 0}, "missing_lines": [375], "excluded_lines": []}, "HTMLReportGenerator.generar_tabla_nc_caducar": {"executed_lines": [429, 432, 449, 450, 451, 452, 455, 456, 457, 458, 459, 460, 462, 463, 465, 477, 482], "summary": {"covered_lines": 17, "num_statements": 18, "percent_covered": 94.44444444444444, "percent_covered_display": "94", "missing_lines": 1, "excluded_lines": 0}, "missing_lines": [430], "excluded_lines": []}, "HTMLReportGenerator.generar_tabla_nc_sin_acciones": {"executed_lines": [486, 487, 489, 510, 511, 512, 514, 525, 530], "summary": {"covered_lines": 9, "num_statements": 9, "percent_covered": 100.0, "percent_covered_display": "100", "missing_lines": 0, "excluded_lines": 0}, "missing_lines": [], "excluded_lines": []}, "HTMLReportGenerator.generar_resumen_estadisticas": {"executed_lines": [537, 538, 539, 540, 543, 548, 550, 590], "summary": {"covered_lines": 8, "num_statements": 8, "percent_covered": 100.0, "percent_covered_display": "100", "missing_lines": 0, "excluded_lines": 0}, "missing_lines": [], "excluded_lines": []}, "HTMLReportGenerator.generar_reporte_completo": {"executed_lines": [594, 595, 596, 597, 598, 599, 600, 601], "summary": {"covered_lines": 8, "num_statements": 8, "percent_covered": 100.0, "percent_covered_display": "100", "missing_lines": 0, "excluded_lines": 0}, "missing_lines": [], "excluded_lines": []}, "HTMLReportGenerator.generar_notificacion_individual_arapc": {"executed_lines": [611, 612, 613, 614, 615, 622, 625, 626, 627, 632], "summary": {"covered_lines": 10, "num_statements": 18, "percent_covered": 55.55555555555556, "percent_covered_display": "56", "missing_lines": 8, "excluded_lines": 0}, "missing_lines": [617, 618, 619, 620, 623, 624, 629, 630], "excluded_lines": []}, "": {"executed_lines": [1, 6, 7, 8, 9, 10, 14, 17, 18, 19, 21, 24, 93, 106, 129, 142, 151, 167, 204, 230, 253, 280, 311, 321, 329, 372, 427, 484, 532, 592, 604], "summary": {"covered_lines": 29, "num_statements": 29, "percent_covered": 100.0, "percent_covered_display": "100", "missing_lines": 0, "excluded_lines": 0}, "missing_lines": [], "excluded_lines": []}}, "classes": {"HTMLReportGenerator": {"executed_lines": [22, 26, 27, 30, 50, 51, 52, 53, 54, 56, 57, 58, 60, 61, 64, 65, 66, 68, 70, 72, 73, 75, 76, 78, 81, 84, 85, 87, 88, 90, 91, 95, 96, 97, 98, 108, 127, 131, 139, 143, 145, 146, 147, 148, 149, 152, 153, 154, 155, 156, 157, 158, 162, 163, 168, 169, 170, 186, 187, 188, 198, 202, 205, 206, 207, 215, 216, 217, 227, 228, 231, 232, 233, 240, 241, 250, 251, 254, 255, 256, 264, 265, 266, 277, 278, 281, 282, 284, 285, 293, 294, 295, 307, 308, 313, 314, 315, 316, 317, 318, 319, 322, 323, 324, 325, 326, 327, 331, 332, 334, 350, 351, 352, 354, 365, 370, 374, 377, 393, 394, 395, 398, 399, 400, 401, 402, 403, 404, 406, 407, 409, 420, 425, 429, 432, 449, 450, 451, 452, 455, 456, 457, 458, 459, 460, 462, 463, 465, 477, 482, 486, 487, 489, 510, 511, 512, 514, 525, 530, 537, 538, 539, 540, 543, 548, 550, 590, 594, 595, 596, 597, 598, 599, 600, 601, 611, 612, 613, 614, 615, 622, 625, 626, 627, 63
[...]
html": {"executed_lines": [1528], "summary": {"covered_lines": 1, "num_statements": 1, "percent_covered": 100.0, "percent_covered_display": "100", "missing_lines": 0, "excluded_lines": 0}, "missing_lines": [], "excluded_lines": []}, "RiesgosManager._safe_fetch": {"executed_lines": [1531, 1533], "summary": {"covered_lines": 2, "num_statements": 3, "percent_covered": 66.66666666666667, "percent_covered_display": "67", "missing_lines": 1, "excluded_lines": 0}, "missing_lines": [1532], "excluded_lines": []}, "RiesgosManager._get_risks_to_reclassify": {"executed_lines": [1536, 1537, 1538, 1539], "summary": {"covered_lines": 4, "num_statements": 4, "percent_covered": 100.0, "percent_covered_display": "100", "missing_lines": 0, "excluded_lines": 0}, "missing_lines": [], "excluded_lines": []}, "RiesgosManager._get_editions_ready_for_publication": {"executed_lines": [1542, 1543, 1544, 1545], "summary": {"covered_lines": 4, "num_statements": 4, "percent_covered": 100.0, "percent_covered_display": "100", "missing_lines": 0, "excluded_lines": 0}, "missing_lines": [], "excluded_lines": []}, "RiesgosManager._get_accepted_risks_pending_review": {"executed_lines": [1548, 1549, 1550, 1551], "summary": {"covered_lines": 4, "num_statements": 4, "percent_covered": 100.0, "percent_covered_display": "100", "missing_lines": 0, "excluded_lines": 0}, "missing_lines": [], "excluded_lines": []}, "RiesgosManager._get_retired_risks_pending_review": {"executed_lines": [1554, 1555, 1556, 1557], "summary": {"covered_lines": 4, "num_statements": 4, "percent_covered": 100.0, "percent_covered_display": "100", "missing_lines": 0, "excluded_lines": 0}, "missing_lines": [], "excluded_lines": []}, "RiesgosManager._get_risks_data": {"executed_lines": [1572, 1574, 1595, 1611, 1628, 1905, 1909, 1912, 1915, 1918, 1919, 1920, 1921, 1922, 1923, 1924, 1925, 1927, 1928, 1930, 1944, 1951, 1952, 1953, 1954, 1958, 1960, 1961, 1962, 1967, 1968], "summary": {"covered_lines": 31, "num_statements": 43, "percent_covered": 72.09302325581395, "percent_covered_display": "72", "missing_lines": 12, "excluded_lines": 0}, "missing_lines": [1906, 1907, 1931, 1933, 1934, 1935, 1937, 1938, 1939, 1940, 1941, 1956], "excluded_lines": []}, "RiesgosManager._get_risks_data._generate_monthly_quality_report_html": {"executed_lines": [], "summary": {"covered_lines": 0, "num_statements": 8, "percent_covered": 0.0, "percent_covered_display": "0", "missing_lines": 8, "excluded_lines": 0}, "missing_lines": [1612, 1613, 1614, 1622, 1623, 1624, 1625, 1626], "excluded_lines": []}, "RiesgosManager._get_editions_need_publication_data": {"executed_lines": [1975], "summary": {"covered_lines": 1, "num_statements": 1, "percent_covered": 100.0, "percent_covered_display": "100", "missing_lines": 0, "excluded_lines": 0}, "missing_lines": [], "excluded_lines": []}, "RiesgosManager._get_editions_with_rejected_proposals_data": {"executed_lines": [1979], "summary": {"covered_lines": 1, "num_statements": 1, "percent_covered": 100.0, "percent_covered_display": "100", "missing_lines": 0, "excluded_lines": 0}, "missing_lines": [], "excluded_lines": []}, "RiesgosManager._get_accepted_risks_unmotivated_data": {"executed_lines": [1983], "summary": {"covered_lines": 1, "num_statements": 1, "percent_covered": 100.0, "percent_covered_display": "100", "missing_lines": 0, "excluded_lines": 0}, "missing_lines": [], "excluded_lines": []}, "RiesgosManager._get_accepted_risks_rejected_data": {"executed_lines": [1987], "summary": {"covered_lines": 1, "num_statements": 1, "percent_covered": 100.0, "percent_covered_display": "100", "missing_lines": 0, "excluded_lines": 0}, "missing_lines": [], "excluded_lines": []}, "RiesgosManager._get_retired_risks_unmotivated_data": {"executed_lines": [1991], "summary": {"covered_lines": 1, "num_statements": 1, "percent_covered": 100.0, "percent_covered_display": "100", "missing_lines": 0, "excluded_lines": 0}, "missing_lines": [], "excluded_lines": []}, "RiesgosManager._get_retired_risks_rejected_data": {"executed_lines": [1995], "summary": {"covered_lines": 1, "num_statements": 1, "percent_covered": 100.0, "percent_covered_display": "100", "missing_lines": 0, "excluded_lines": 0}, "missing_lines": [], "excluded_lines": []}, "RiesgosManager._get_mitigation_actions_reschedule_data": {"executed_lines": [1999], "summary": {"covered_lines": 1, "num_statements": 1, "percent_covered": 100.0, "percent_covered_display": "100", "missing_lines": 0, "excluded_lines": 0}, "missing_lines": [], "excluded_lines": []}, "RiesgosManager._get_contingency_actions_reschedule_data": {"executed_lines": [2003], "summary": {"covered_lines": 1, "num_statements": 1, "percent_covered": 100.0, "percent_covered_display": "100", "missing_lines": 0, "excluded_lines": 0}, "missing_lines": [], "excluded_lines": []}, "RiesgosManager._get_editions_ready_for_publication_data": {"executed_lines": [], "summary": {"covered_lines": 0, "num_statements": 7, "percent_covered": 0.0, "percent_covered_display": "0", "missing_lines": 7, "excluded_lines": 0}, "missing_lines": [2009, 2010, 2021, 2026, 2027, 2028, 2029], "excluded_lines": []}, "RiesgosManager._get_editions_about_to_expire_data": {"executed_lines": [], "summary": {"covered_lines": 0, "num_statements": 13, "percent_covered": 0.0, "percent_covered_display": "0", "missing_lines": 13, "excluded_lines": 0}, "missing_lines": [2033, 2035, 2037, 2051, 2058, 2059, 2060, 2062, 2064, 2065, 2066, 2067, 2068], "excluded_lines": []}, "RiesgosManager._get_expired_editions_data": {"executed_lines": [], "summary": {"covered_lines": 0, "num_statements": 11, "percent_covered": 0.0, "percent_covered_display": "0", "missing_lines": 11, "excluded_lines": 0}, "missing_lines": [2072, 2074, 2076, 2091, 2097, 2098, 2100, 2101, 2102, 2103, 2104], "excluded_lines": []}, "RiesgosManager._get_risks_to_reclassify_data": {"executed_lines": [], "summary": {"covered_lines": 0, "num_statements": 7, "percent_covered": 0.0, "percent_covered_display": "0", "missing_lines": 7, "excluded_lines": 0}, "missing_lines": [2108, 2109, 2125, 2130, 2131, 2132, 2133], "excluded_lines": []}, "RiesgosManager._get_accepted_risks_to_approve_data": {"executed_lines": [], "summary": {"covered_lines": 0, "num_statements": 7, "percent_covered": 0.0, "percent_covered_display": "0", "missing_lines": 7, "excluded_lines": 0}, "missing_lines": [2137, 2138, 2154, 2159, 2160, 2161, 2162], "excluded_lines": []}, "RiesgosManager._get_retired_risks_to_approve_data": {"executed_lines": [], "summary": {"covered_lines": 0, "num_statements": 7, "percent_covered": 0.0, "percent_covered_display": "0", "missing_lines": 7, "excluded_lines": 0}, "missing_lines": [2166, 2167, 2183, 2188, 2189, 2190, 2191], "excluded_lines": []}, "RiesgosManager._get_materialized_risks_to_decide_data": {"executed_lines": [], "summary": {"covered_lines": 0, "num_statements": 7, "percent_covered": 0.0, "percent_covered_display": "0", "missing_lines": 7, "excluded_lines": 0}, "missing_lines": [2195, 2196, 2211, 2216, 2217, 2218, 2219], "excluded_lines": []}, "RiesgosManager._get_accepted_risks_pending_approval_data": {"executed_lines": [2229, 2230, 2248, 2255, 2265, 2266, 2267], "summary": {"covered_lines": 7, "num_statements": 13, "percent_covered": 53.84615384615385, "percent_covered_display": "54", "missing_lines": 6, "excluded_lines": 0}, "missing_lines": [2256, 2257, 2259, 2260, 2262, 2264], "excluded_lines": []}, "RiesgosManager._get_retired_risks_pending_approval_data": {"executed_lines": [2277, 2278, 2296, 2303, 2313, 2314, 2315], "summary": {"covered_lines": 7, "num_statements": 13, "percent_covered": 53.84615384615385, "percent_covered_display": "54", "missing_lines": 6, "excluded_lines": 0}, "missing_lines": [2304, 2305, 2307, 2308, 2310, 2312], "excluded_lines": []}, "RiesgosManager._get_materialized_risks_pending_decision_data": {"executed_lines": [2325, 2326, 2343, 2350, 2359, 2360, 2361], "summary": {"covered_lines": 7, "num_statements": 12, "percent_covered": 58.333333333333336, "percent_covered_display": "58", "missing_lines": 5, "excluded_lines": 0}, "missing_lines": [2351, 2353, 2354, 2356, 2358], "excluded_lines": []}, "RiesgosManager._get_all_editions_ready_for_publication_data": {"executed_lines": [2367, 2368, 2384, 2389, 2393, 2394, 2395], "summary": {"covered_lines": 7, "num_statements": 9, "percent_covered": 77.77777777777777, "percent_covered_display": "78", "missing_lines": 2, "excluded_lines": 0}, "missing_lines": [2390, 2392], "excluded_lines": []}, "RiesgosManager._get_active_editions_data": {"executed_lines": [2399, 2400, 2413, 2418, 2422, 2423, 2424], "summary": {"covered_lines": 7, "num_statements": 9, "percent_covered": 77.77777777777777, "percent_covered_display": "78", "missing_lines": 2, "excluded_lines": 0}, "missing_lines": [2419, 2421], "excluded_lines": []}, "RiesgosManager._get_closed_editions_last_month_data": {"executed_lines": [2428, 2430, 2432, 2442, 2447], "summary": {"covered_lines": 5, "num_statements": 8, "percent_covered": 62.5, "percent_covered_display": "62", "missing_lines": 3, "excluded_lines": 0}, "missing_lines": [2448, 2449, 2450], "excluded_lines": []}, "RiesgosManager._generate_editions_need_publication_table": {"executed_lines": [], "summary": {"covered_lines": 0, "num_statements": 2, "percent_covered": 0.0, "percent_covered_display": "0", "missing_lines": 2, "excluded_lines": 0}, "missing_lines": [2485, 2486], "excluded_lines": []}, "RiesgosManager._generate_editions_with_rejected_proposals_table": {"executed_lines": [], "summary": {"covered_lines": 0, "num_statements": 2, "percent_covered": 0.0, "percent_covered_display": "0", "missing_lines": 2, "excluded_lines": 0}, "missing_lines": [2493, 2494], "excluded_lines": []}, "RiesgosManager._generate_accepted_risks_unmotivated_table": {"executed_lines": [], "summary": {"covered_lines": 0, "num_statements": 2, "percent_covered": 0.0, "percent_covered_display": "0", "missing_lines": 2, "excluded_lines": 0}, "missing_lines": [2501, 2502], "excluded_lines": []}, "RiesgosManager._generate_accepted_risks_rejected_table": {"executed_lines": [], "summary": {"covered_lines": 0, "num_statements": 2, "percent_covered": 0.0, "percent_covered_display": "0", "missing_lines": 2, "excluded_lines": 0}, "missing_lines": [2509, 2510], "excluded_lines": []}, "RiesgosManager._generate_retired_risks_unmotivated_table": {"executed_lines": [], "summary": {"covered_lines": 0, "num_statements": 2, "percent_covered": 0.0, "percent_covered_display": "0", "missing_lines": 2, "excluded_lines": 0}, "missing_lines": [2517, 2518], "excluded_lines": []}, "RiesgosManager._generate_retired_risks_rejected_table": {"executed_lines": [], "summary": {"covered_lines": 0, "num_statements": 2, "percent_covered": 0.0, "percent_covered_display": "0", "missing_lines": 2, "excluded_lines": 0}, "missing_lines": [2525, 2526], "excluded_lines": []}, "RiesgosManager._generate_mitigation_actions_reschedule_table": {"executed_lines": [], "summary": {"covered_lines": 0, "num_statements": 2, "percent_covered": 0.0, "percent_covered_display": "0", "missing_lines": 2, "excluded_lines": 0}, "missing_lines": [2533, 2534], "excluded_lines": []}, "RiesgosManager._generate_contingency_actions_reschedule_table": {"executed_lines": [], "summary": {"covered_lines": 0, "num_statements": 2, "percent_covered": 0.0, "percent_covered_display": "0", "missing_lines": 2, "excluded_lines": 0}, "missing_lines": [2541, 2542], "excluded_lines": []}, "RiesgosManager._generate_generic_table": {"executed_lines": [2571, 2573, 2575, 2579, 2580, 2582, 2583, 2587, 2595, 2596, 2598, 2601, 2602, 2603, 2604, 2605, 2608, 2609, 2610, 2612, 2613, 2614, 2615, 2616, 2618, 2619, 2621, 2622, 2623, 2625, 2628, 2629, 2630, 2632, 2638], "summary": {"covered_lines": 35, "num_statements": 39, "percent_covered": 89.74358974358974, "percent_covered_display": "90", "missing_lines": 4, "excluded_lines": 0}, "missing_lines": [2576, 2577, 2584, 2585], "excluded_lines": []}, "RiesgosManager._get_table_configuration": {"executed_lines": [], "summary": {"covered_lines": 0, "num_statements": 2, "percent_covered": 0.0, "percent_covered_display": "0", "missing_lines": 2, "excluded_lines": 0}, "missing_lines": [2650, 2749], "excluded_lines": []}, "": {"executed_lines": [1, 13, 14, 15, 16, 17, 18, 20, 21, 22, 23, 29, 56, 59, 60, 69, 100, 104, 155, 177, 192, 206, 218, 269, 296, 323, 336, 352, 368, 496, 572, 592, 612, 736, 819, 861, 909, 942, 991, 1078, 1098, 1161, 1235, 1316, 1342, 1362, 1382, 1396, 1399, 1416, 1427, 1444, 1448, 1472, 1487, 1497, 1500, 1503, 1521, 1524, 1527, 1530, 1535, 1541, 1547, 1553, 1559, 1973, 1977, 1981, 1985, 1989, 1993, 1997, 2001, 2007, 2031, 2070, 2106, 2135, 2164, 2193, 2221, 2269, 2317, 2365, 2397, 2426, 2480, 2488, 2496, 2504, 2512, 2520, 2528, 2536, 2550, 2640], "summary": {"covered_lines": 92, "num_statements": 98, "percent_covered": 93.87755102040816, "percent_covered_display": "94", "missing_lines": 6, "excluded_lines": 14}, "missing_lines": [30, 31, 32, 33, 34, 40], "excluded_lines": [41, 42, 43, 44, 45, 46, 47, 48, 49, 55, 1382, 1396, 1497, 1500]}}, "classes": {"RiesgosManager": {"executed_lines": [77, 78, 79, 80, 82, 83, 84, 87, 88, 89, 92, 93, 95, 96, 102, 113, 115, 117, 127, 128, 129, 130, 131, 136, 139, 140, 143, 144, 147, 148, 149, 150, 167, 168, 169, 171, 172, 173, 174, 175, 179, 181, 188, 189, 190, 199, 208, 209, 210, 211, 212, 213, 214, 228, 229, 231, 233, 234, 237, 241, 243, 252, 253, 254, 255, 256, 259, 260, 263, 280, 281, 282, 283, 285, 286, 288, 290, 306, 307, 308, 310, 311, 312, 313, 327, 328, 329, 330, 332, 344, 345, 346, 347, 348, 360, 361, 362, 363, 364, 380, 381, 384, 389, 399, 400, 406, 408, 415, 416, 425, 426, 439, 443, 444, 448, 449, 453, 454, 458, 459, 463, 464, 468, 469, 473, 474, 480, 481, 489, 492, 494, 506, 507, 508, 510, 511, 514, 517, 518, 521, 524, 530, 532, 533, 534, 535, 536, 538, 539, 544, 546, 549, 551, 554, 555, 556, 557, 559, 744, 746, 749, 761, 762, 764, 766, 769, 770, 771, 772, 775, 780, 782, 783, 784, 785, 787, 788, 793, 795, 809, 811, 813, 873, 874, 876, 877, 878, 879, 880, 881, 882, 883, 888, 920, 921, 922, 923, 924, 925, 932, 933, 937, 938, 939, 940, 959, 966, 967, 968, 970, 971, 972, 975, 976, 978, 979, 981, 982, 985, 986, 987, 989, 1007, 1009, 1010, 1014, 1015, 1017, 1026, 1028, 1029, 1033, 1034, 1038, 1039, 1043, 1044, 1048, 1049, 1053, 1054, 1058, 1059, 1063, 1064, 1068, 1069, 1070, 1089, 1090, 1091, 1092, 1093, 1095, 1096, 1115, 1118, 1119, 1124, 1134, 1135, 1144, 1145, 1146, 1154, 1159, 1175, 1181, 1184, 1185, 1190, 1191, 1194, 1195, 1197, 1200, 1205, 1206, 1211, 1212, 1217, 1218, 1223, 1224, 1228, 1229, 1231, 1233, 1247, 1250, 1251, 1255, 1256, 1258, 1268, 1269, 1270, 1275, 1276, 1277, 1282, 1283, 1284, 1289, 1290, 1291, 1296, 1297, 1298, 1303, 1304, 1305, 1309, 1314, 1344, 1345, 1346, 1347, 1350, 1372, 1373, 1374, 1375, 1377, 1383, 1385, 1386, 1387, 1388, 1389, 1390, 1397, 1400, 1405, 1406, 1407, 1409, 1412, 1413, 1414, 1417, 1418, 1420, 1423, 1424, 1425, 1428, 1429, 1431, 1432, 1433, 1436, 1437, 1438, 1439, 1440, 1441, 1442, 1445, 1446, 1449, 1450, 1451, 1452, 1453, 1454, 1455, 1456, 1457, 1461, 1462, 1463, 1466, 1467, 1468, 1470, 1473, 1474, 1475, 1477, 1478, 1479, 1480, 1483, 1484, 1485, 1488, 1489, 1490, 1504, 1505, 1509, 1510, 1511, 1512, 1513, 1514, 1515, 1516, 1522, 1525, 1528, 1531, 1533, 1536, 1537, 1538, 1539, 1542, 1543, 1544, 1545, 1548, 1549, 1550, 1551, 1554, 1555, 1556, 1557, 1572, 1574, 1595, 1611, 1628, 1905, 1909, 1912, 1915, 1918, 1919, 1920, 1921, 1922, 1923, 1924, 1925, 1927, 1928, 1930, 1944, 1951, 1952, 1953, 1954, 1958, 1960, 1961, 1962, 1967, 1968, 1975, 1979, 1983, 1987, 1991, 1995, 1999, 2003, 2229, 2230, 2248, 2255, 2265, 2266, 2267, 2277, 2278, 2296, 2303, 2313, 2314, 2315, 2325, 2326, 2343, 2350, 2359, 2360, 2361, 2367, 2368, 2384, 2389, 2393, 2394, 2395, 2399, 2400, 2413, 2418, 2422, 2423, 2424, 2428, 2430, 2432, 2442, 2447, 2571, 2573, 2575, 2579, 2580, 2582, 2583, 2587, 2595, 2596, 2598, 2601, 2602, 2603, 2604, 2605, 2608, 2609, 2610, 2612, 2613, 2614, 2615, 2616, 2618, 2619, 2621, 2622, 2623, 2625, 2628, 2629, 2630, 2632, 2638], "summary": {"covered_lines": 526, "num_statements": 850, "percent_covered": 61.88235294117647, "percent_covered_display": "62", "missing_lines": 324, "excluded_lines": 15}, "missing_lines": [97, 98, 132, 133, 152, 153, 182, 185, 186, 215, 216, 238, 265, 266, 267, 292, 293, 294, 315, 317, 318, 319, 320, 321, 333, 334, 349, 350, 365, 366, 436, 440, 561, 562, 563, 565, 566, 567, 569, 570, 579, 580, 582, 583, 584, 585, 586, 587, 588, 589, 590, 599, 600, 602, 603, 604, 605, 606, 607, 608, 609, 610, 620, 625, 635, 647, 659, 667, 675, 683, 691, 700, 717, 734, 797, 799, 800, 805, 806, 815, 816, 817, 830, 833, 835, 836, 837, 840, 841, 842, 843, 845, 846, 847, 850, 852, 854, 855, 856, 858, 859, 884, 885, 886, 887, 889, 890, 891, 892, 893, 894, 895, 896, 897, 898, 899, 900, 901, 902, 903, 904, 905, 906, 907, 926, 927, 928, 929, 930, 934, 935, 936, 1030, 1031, 1035, 1036, 1040, 1041, 1045, 1046, 1050, 1051, 1055, 1056, 1060, 1061, 1065, 1066, 1072, 1076, 1186, 1187, 1196, 1198, 1201, 1202, 1207, 1208, 1213, 1214, 1219, 1220, 1225, 1226, 1318, 1319, 1320, 1321, 1322, 1323, 1324, 1326, 1327, 1328, 1329, 1330, 1331, 1332, 1333, 1334, 1335, 1336, 1337, 1338, 1348, 1349, 1408, 1419, 1430, 1434, 1435, 1458, 1459, 1464, 1465, 1476, 1481, 1482, 1532, 1612, 1613, 1614, 1622, 1623, 1624, 1625, 1626, 1906, 1907, 1931, 1933, 1934, 1935, 1937, 1938, 1939, 1940, 1941, 1956, 2009, 2010, 2021, 2026, 2027, 2028, 2029, 2033, 2035, 2037, 2051, 2058, 2059, 2060, 2062, 2064, 2065, 2066, 2067, 2068, 2072, 2074, 2076, 2091, 2097, 2098, 2100, 2101, 2102, 2103, 2104, 2108, 2109, 2125, 2130, 2131, 2132, 2133, 2137, 2138, 2154, 2159, 2160, 2161, 2162, 2166, 2167, 2183, 2188, 2189, 2190, 2191, 2195, 2196, 2211, 2216, 2217, 2218, 2219, 2256, 2257, 2259, 2260, 2262, 2264, 2304, 2305, 2307, 2308, 2310, 2312, 2351, 2353, 2354, 2356, 2358, 2390, 2392, 2419, 2421, 2448, 2449, 2450, 2485, 2486, 2493, 2494, 2501, 2502, 2509, 2510, 2517, 2518, 2525, 2526, 2533, 2534, 2541, 2542, 2576, 2577, 2584, 2585, 2650, 2749], "excluded_lines": [1383, 1384, 1385, 1386, 1387, 1388, 1389, 1390, 1391, 1392, 1393, 1394, 1397, 1498, 1501]}, "": {"executed_lines": [1, 13, 14, 15, 16, 17, 18, 20, 21, 22, 23, 29, 56, 59, 60, 69, 100, 104, 155, 177, 192, 206, 218, 269, 296, 323, 336, 352, 368, 496, 572, 592, 612, 736, 819, 861, 909, 942, 991, 1078, 1098, 1161, 1235, 1316, 1342, 1362, 1382, 1396, 1399, 1416, 1427, 1444, 1448, 1472, 1487, 1497, 1500, 1503, 1521, 1524, 1527, 1530, 1535, 1541, 1547, 1553, 1559, 1973, 1977, 1981, 1985, 1989, 1993, 1997, 2001, 2007, 2031, 2070, 2106, 2135, 2164, 2193, 2221, 2269, 2317, 2365, 2397, 2426, 2480, 2488, 2496, 2504, 2512, 2520, 2528, 2536, 2550, 2640], "summary": {"covered_lines": 92, "num_statements": 98, "percent_covered": 93.87755102040816, "percent_covered_display": "94", "missing_lines": 6, "excluded_lines": 14}, "missing_lines": [30, 31, 32, 33, 34, 40], "excluded_lines": [41, 42, 43, 44, 45, 46, 47, 48, 49, 55, 1382, 1396, 1497, 1500]}}}, "src\\riesgos\\table_configurations.py": {"executed_lines": [1, 7], "summary": {"covered_lines": 1, "num_statements": 1, "percent_covered": 100.0, "percent_covered_display": "100", "missing_lines": 0, "excluded_lines": 0}, "missing_lines": [], "excluded_lines": [], "functions": {"": {"executed_lines": [1, 7], "summary": {"covered_lines": 1, "num_statements": 1, "percent_covered": 100.0, "percent_covered_display": "100", "missing_lines": 0, "excluded_lines": 0}, "missing_lines": [], "excluded_lines": []}}, "classes": {"": {"executed_lines": [1, 7], "summary": {"covered_lines": 1, "num_statements": 1, "percent_covered": 100.0, "percent_covered_display": "100", "missing_lines": 0, "excluded_lines": 0}, "missing_lines": [], "excluded_lines": []}}}}, "totals": {"covered_lines": 2989, "num_statements": 4372, "percent_covered": 68.3668801463861, "percent_covered_display": "68", "missing_lines": 1383, "excluded_lines": 444}}